{"/Users/javi/repos/specrails-web/src/App.tsx": {"path":"/Users/javi/repos/specrails-web/src/App.tsx","all":false,"statementMap":{"0":{"start":{"line":1,"column":0},"end":{"line":1,"column":73}},"1":{"start":{"line":2,"column":0},"end":{"line":2,"column":64}},"2":{"start":{"line":3,"column":0},"end":{"line":3,"column":59}},"3":{"start":{"line":4,"column":0},"end":{"line":4,"column":50}},"4":{"start":{"line":5,"column":0},"end":{"line":5,"column":58}},"5":{"start":{"line":6,"column":0},"end":{"line":6,"column":38}},"6":{"start":{"line":7,"column":0},"end":{"line":7,"column":44}},"7":{"start":{"line":8,"column":0},"end":{"line":8,"column":48}},"8":{"start":{"line":9,"column":0},"end":{"line":9,"column":42}},"9":{"start":{"line":10,"column":0},"end":{"line":10,"column":46}},"10":{"start":{"line":11,"column":0},"end":{"line":11,"column":48}},"11":{"start":{"line":12,"column":0},"end":{"line":12,"column":44}},"13":{"start":{"line":14,"column":0},"end":{"line":14,"column":38}},"15":{"start":{"line":16,"column":0},"end":{"line":16,"column":19}},"16":{"start":{"line":17,"column":0},"end":{"line":17,"column":44}},"17":{"start":{"line":18,"column":0},"end":{"line":18,"column":21}},"18":{"start":{"line":19,"column":0},"end":{"line":19,"column":17}},"19":{"start":{"line":20,"column":0},"end":{"line":20,"column":16}},"20":{"start":{"line":21,"column":0},"end":{"line":21,"column":21}},"21":{"start":{"line":22,"column":0},"end":{"line":22,"column":16}},"22":{"start":{"line":23,"column":0},"end":{"line":23,"column":48}},"23":{"start":{"line":24,"column":0},"end":{"line":24,"column":55}},"24":{"start":{"line":25,"column":0},"end":{"line":25,"column":51}},"25":{"start":{"line":26,"column":0},"end":{"line":26,"column":56}},"27":{"start":{"line":28,"column":0},"end":{"line":28,"column":59}},"28":{"start":{"line":29,"column":0},"end":{"line":29,"column":55}},"30":{"start":{"line":31,"column":0},"end":{"line":31,"column":51}},"37":{"start":{"line":38,"column":0},"end":{"line":38,"column":19}}},"s":{"0":1,"1":1,"2":1,"3":1,"4":1,"5":1,"6":1,"7":1,"8":1,"9":1,"10":1,"11":1,"13":1,"15":1,"16":1,"17":1,"18":1,"19":1,"20":1,"21":1,"22":1,"23":1,"24":1,"25":1,"27":1,"28":1,"30":1,"37":1},"branchMap":{},"b":{},"fnMap":{},"f":{}}
,"/Users/javi/repos/specrails-web/src/components/AgentComparisonMatrix.tsx": {"path":"/Users/javi/repos/specrails-web/src/components/AgentComparisonMatrix.tsx","all":false,"statementMap":{"0":{"start":{"line":1,"column":0},"end":{"line":1,"column":33}},"23":{"start":{"line":24,"column":0},"end":{"line":24,"column":45}},"24":{"start":{"line":25,"column":0},"end":{"line":25,"column":60}},"25":{"start":{"line":26,"column":0},"end":{"line":26,"column":58}},"26":{"start":{"line":27,"column":0},"end":{"line":27,"column":59}},"27":{"start":{"line":28,"column":0},"end":{"line":28,"column":2}},"29":{"start":{"line":30,"column":0},"end":{"line":30,"column":52}},"30":{"start":{"line":31,"column":0},"end":{"line":31,"column":65}},"31":{"start":{"line":32,"column":0},"end":{"line":32,"column":62}},"32":{"start":{"line":33,"column":0},"end":{"line":33,"column":68}},"33":{"start":{"line":34,"column":0},"end":{"line":34,"column":63}},"34":{"start":{"line":35,"column":0},"end":{"line":35,"column":58}},"35":{"start":{"line":36,"column":0},"end":{"line":36,"column":63}},"36":{"start":{"line":37,"column":0},"end":{"line":37,"column":2}},"38":{"start":{"line":39,"column":0},"end":{"line":39,"column":53}},"39":{"start":{"line":40,"column":0},"end":{"line":40,"column":66}},"40":{"start":{"line":41,"column":0},"end":{"line":41,"column":63}},"41":{"start":{"line":42,"column":0},"end":{"line":42,"column":68}},"42":{"start":{"line":43,"column":0},"end":{"line":43,"column":65}},"43":{"start":{"line":44,"column":0},"end":{"line":44,"column":59}},"44":{"start":{"line":45,"column":0},"end":{"line":45,"column":58}},"45":{"start":{"line":46,"column":0},"end":{"line":46,"column":2}},"47":{"start":{"line":48,"column":0},"end":{"line":48,"column":62}},"48":{"start":{"line":49,"column":0},"end":{"line":49,"column":43}},"49":{"start":{"line":50,"column":0},"end":{"line":50,"column":93}},"50":{"start":{"line":51,"column":0},"end":{"line":51,"column":79}},"51":{"start":{"line":52,"column":0},"end":{"line":52,"column":83}},"53":{"start":{"line":54,"column":0},"end":{"line":54,"column":55}},"54":{"start":{"line":55,"column":0},"end":{"line":55,"column":23}},"55":{"start":{"line":56,"column":0},"end":{"line":56,"column":22}},"56":{"start":{"line":57,"column":0},"end":{"line":57,"column":60}},"57":{"start":{"line":58,"column":0},"end":{"line":58,"column":64}},"58":{"start":{"line":59,"column":0},"end":{"line":59,"column":72}},"59":{"start":{"line":60,"column":0},"end":{"line":60,"column":72}},"60":{"start":{"line":61,"column":0},"end":{"line":61,"column":79}},"61":{"start":{"line":62,"column":0},"end":{"line":62,"column":63}},"62":{"start":{"line":63,"column":0},"end":{"line":63,"column":5}},"64":{"start":{"line":65,"column":0},"end":{"line":65,"column":25}},"65":{"start":{"line":66,"column":0},"end":{"line":66,"column":20}},"66":{"start":{"line":67,"column":0},"end":{"line":67,"column":28}},"67":{"start":{"line":68,"column":0},"end":{"line":68,"column":28}},"68":{"start":{"line":69,"column":0},"end":{"line":69,"column":29}},"70":{"start":{"line":71,"column":0},"end":{"line":71,"column":33}},"71":{"start":{"line":72,"column":0},"end":{"line":72,"column":18}},"72":{"start":{"line":73,"column":0},"end":{"line":73,"column":26}},"73":{"start":{"line":74,"column":0},"end":{"line":74,"column":26}},"74":{"start":{"line":75,"column":0},"end":{"line":75,"column":29}},"75":{"start":{"line":76,"column":0},"end":{"line":76,"column":3}},"77":{"start":{"line":78,"column":0},"end":{"line":78,"column":10}},"78":{"start":{"line":79,"column":0},"end":{"line":79,"column":9}},"80":{"start":{"line":81,"column":0},"end":{"line":81,"column":49}},"81":{"start":{"line":82,"column":0},"end":{"line":82,"column":14}},"82":{"start":{"line":83,"column":0},"end":{"line":83,"column":36}},"83":{"start":{"line":84,"column":0},"end":{"line":84,"column":40}},"84":{"start":{"line":85,"column":0},"end":{"line":85,"column":24}},"85":{"start":{"line":86,"column":0},"end":{"line":86,"column":53}},"86":{"start":{"line":87,"column":0},"end":{"line":87,"column":30}},"89":{"start":{"line":90,"column":0},"end":{"line":90,"column":49}},"90":{"start":{"line":91,"column":0},"end":{"line":91,"column":60}},"93":{"start":{"line":94,"column":0},"end":{"line":94,"column":17}},"94":{"start":{"line":95,"column":0},"end":{"line":95,"column":31}},"95":{"start":{"line":96,"column":0},"end":{"line":96,"column":91}},"97":{"start":{"line":98,"column":0},"end":{"line":98,"column":62}},"98":{"start":{"line":99,"column":0},"end":{"line":99,"column":49}},"100":{"start":{"line":101,"column":0},"end":{"line":101,"column":27}},"101":{"start":{"line":102,"column":0},"end":{"line":102,"column":61}},"102":{"start":{"line":103,"column":0},"end":{"line":103,"column":56}},"103":{"start":{"line":104,"column":0},"end":{"line":104,"column":60}},"104":{"start":{"line":105,"column":0},"end":{"line":105,"column":58}},"109":{"start":{"line":110,"column":0},"end":{"line":110,"column":49}},"110":{"start":{"line":111,"column":0},"end":{"line":111,"column":60}},"113":{"start":{"line":114,"column":0},"end":{"line":114,"column":17}},"114":{"start":{"line":115,"column":0},"end":{"line":115,"column":31}},"115":{"start":{"line":116,"column":0},"end":{"line":116,"column":77}},"117":{"start":{"line":118,"column":0},"end":{"line":118,"column":62}},"118":{"start":{"line":119,"column":0},"end":{"line":119,"column":49}},"120":{"start":{"line":121,"column":0},"end":{"line":121,"column":27}},"121":{"start":{"line":122,"column":0},"end":{"line":122,"column":61}},"122":{"start":{"line":123,"column":0},"end":{"line":123,"column":66}},"123":{"start":{"line":124,"column":0},"end":{"line":124,"column":60}},"124":{"start":{"line":125,"column":0},"end":{"line":125,"column":76}},"125":{"start":{"line":126,"column":0},"end":{"line":126,"column":62}},"126":{"start":{"line":127,"column":0},"end":{"line":127,"column":60}},"127":{"start":{"line":128,"column":0},"end":{"line":128,"column":58}},"132":{"start":{"line":133,"column":0},"end":{"line":133,"column":49}},"133":{"start":{"line":134,"column":0},"end":{"line":134,"column":63}},"136":{"start":{"line":137,"column":0},"end":{"line":137,"column":17}},"137":{"start":{"line":138,"column":0},"end":{"line":138,"column":34}},"138":{"start":{"line":139,"column":0},"end":{"line":139,"column":78}},"140":{"start":{"line":141,"column":0},"end":{"line":141,"column":65}},"141":{"start":{"line":142,"column":0},"end":{"line":142,"column":52}},"143":{"start":{"line":144,"column":0},"end":{"line":144,"column":27}},"144":{"start":{"line":145,"column":0},"end":{"line":145,"column":65}},"145":{"start":{"line":146,"column":0},"end":{"line":146,"column":64}},"146":{"start":{"line":147,"column":0},"end":{"line":147,"column":72}},"147":{"start":{"line":148,"column":0},"end":{"line":148,"column":70}},"148":{"start":{"line":149,"column":0},"end":{"line":149,"column":62}},"149":{"start":{"line":150,"column":0},"end":{"line":150,"column":64}},"150":{"start":{"line":151,"column":0},"end":{"line":151,"column":58}},"155":{"start":{"line":156,"column":0},"end":{"line":156,"column":29}},"156":{"start":{"line":157,"column":0},"end":{"line":157,"column":57}},"163":{"start":{"line":164,"column":0},"end":{"line":164,"column":33}},"164":{"start":{"line":165,"column":0},"end":{"line":165,"column":65}},"165":{"start":{"line":166,"column":0},"end":{"line":166,"column":63}},"166":{"start":{"line":167,"column":0},"end":{"line":167,"column":57}},"173":{"start":{"line":174,"column":0},"end":{"line":174,"column":31}},"174":{"start":{"line":175,"column":0},"end":{"line":175,"column":50}},"175":{"start":{"line":176,"column":0},"end":{"line":176,"column":82}},"176":{"start":{"line":177,"column":0},"end":{"line":177,"column":23}},"177":{"start":{"line":178,"column":0},"end":{"line":178,"column":22}},"178":{"start":{"line":179,"column":0},"end":{"line":179,"column":42}},"179":{"start":{"line":180,"column":0},"end":{"line":180,"column":42}},"180":{"start":{"line":181,"column":0},"end":{"line":181,"column":48}},"181":{"start":{"line":182,"column":0},"end":{"line":182,"column":42}},"182":{"start":{"line":183,"column":0},"end":{"line":183,"column":45}},"183":{"start":{"line":184,"column":0},"end":{"line":184,"column":41}},"186":{"start":{"line":187,"column":0},"end":{"line":187,"column":21}},"187":{"start":{"line":188,"column":0},"end":{"line":188,"column":34}},"188":{"start":{"line":189,"column":0},"end":{"line":189,"column":37}},"189":{"start":{"line":190,"column":0},"end":{"line":190,"column":27}},"190":{"start":{"line":191,"column":0},"end":{"line":191,"column":53}},"191":{"start":{"line":192,"column":0},"end":{"line":192,"column":70}},"192":{"start":{"line":193,"column":0},"end":{"line":193,"column":73}},"195":{"start":{"line":196,"column":0},"end":{"line":196,"column":27}},"196":{"start":{"line":197,"column":0},"end":{"line":197,"column":75}},"198":{"start":{"line":199,"column":0},"end":{"line":199,"column":27}},"199":{"start":{"line":200,"column":0},"end":{"line":200,"column":87}},"201":{"start":{"line":202,"column":0},"end":{"line":202,"column":27}},"202":{"start":{"line":203,"column":0},"end":{"line":203,"column":75}},"204":{"start":{"line":205,"column":0},"end":{"line":205,"column":27}},"205":{"start":{"line":206,"column":0},"end":{"line":206,"column":84}},"207":{"start":{"line":208,"column":0},"end":{"line":208,"column":27}},"208":{"start":{"line":209,"column":0},"end":{"line":209,"column":23}},"209":{"start":{"line":210,"column":0},"end":{"line":210,"column":37}},"210":{"start":{"line":211,"column":0},"end":{"line":211,"column":101}},"211":{"start":{"line":212,"column":0},"end":{"line":212,"column":19}},"222":{"start":{"line":223,"column":0},"end":{"line":223,"column":31}},"223":{"start":{"line":224,"column":0},"end":{"line":224,"column":44}},"224":{"start":{"line":225,"column":0},"end":{"line":225,"column":32}},"225":{"start":{"line":226,"column":0},"end":{"line":226,"column":56}},"226":{"start":{"line":227,"column":0},"end":{"line":227,"column":70}},"227":{"start":{"line":228,"column":0},"end":{"line":228,"column":57}},"228":{"start":{"line":229,"column":0},"end":{"line":229,"column":63}},"229":{"start":{"line":230,"column":0},"end":{"line":230,"column":73}},"231":{"start":{"line":232,"column":0},"end":{"line":232,"column":73}},"233":{"start":{"line":234,"column":0},"end":{"line":234,"column":82}},"234":{"start":{"line":235,"column":0},"end":{"line":235,"column":70}},"235":{"start":{"line":236,"column":0},"end":{"line":236,"column":73}},"236":{"start":{"line":237,"column":0},"end":{"line":237,"column":82}},"238":{"start":{"line":239,"column":0},"end":{"line":239,"column":19}},"239":{"start":{"line":240,"column":0},"end":{"line":240,"column":33}},"240":{"start":{"line":241,"column":0},"end":{"line":241,"column":97}},"241":{"start":{"line":242,"column":0},"end":{"line":242,"column":15}},"250":{"start":{"line":251,"column":0},"end":{"line":251,"column":1}}},"s":{"0":1,"23":1,"24":1,"25":1,"26":1,"27":1,"29":1,"30":1,"31":1,"32":1,"33":1,"34":1,"35":1,"36":1,"38":1,"39":1,"40":1,"41":1,"42":1,"43":1,"44":1,"45":1,"47":1,"48":41,"49":41,"50":41,"51":41,"53":41,"54":492,"55":492,"56":348,"57":315,"58":492,"59":492,"60":492,"61":492,"62":492,"64":41,"65":41,"66":12,"67":11,"68":11,"70":41,"71":1,"72":1,"73":1,"74":1,"75":1,"77":41,"78":41,"80":41,"81":41,"82":41,"83":41,"84":41,"85":41,"86":41,"89":41,"90":41,"93":41,"94":41,"95":41,"97":41,"98":41,"100":41,"101":41,"102":41,"103":41,"104":41,"109":41,"110":41,"113":41,"114":41,"115":41,"117":41,"118":41,"120":41,"121":41,"122":41,"123":41,"124":41,"125":41,"126":41,"127":41,"132":41,"133":41,"136":41,"137":41,"138":41,"140":41,"141":41,"143":41,"144":41,"145":41,"146":41,"147":41,"148":41,"149":41,"150":41,"155":41,"156":41,"163":41,"164":41,"165":41,"166":41,"173":41,"174":41,"175":41,"176":41,"177":41,"178":41,"179":41,"180":41,"181":41,"182":41,"183":41,"186":41,"187":41,"188":41,"189":41,"190":41,"191":41,"192":41,"195":41,"196":41,"198":41,"199":41,"201":41,"202":41,"204":41,"205":41,"207":41,"208":41,"209":41,"210":41,"211":41,"222":41,"223":41,"224":41,"225":41,"226":41,"227":41,"228":41,"229":41,"231":41,"233":41,"234":41,"235":41,"236":41,"238":41,"239":41,"240":41,"241":41,"250":41},"branchMap":{"0":{"type":"branch","line":48,"loc":{"start":{"line":48,"column":15},"end":{"line":251,"column":1}},"locations":[{"start":{"line":48,"column":15},"end":{"line":251,"column":1}}]},"1":{"type":"branch","line":66,"loc":{"start":{"line":66,"column":15},"end":{"line":67,"column":28}},"locations":[{"start":{"line":66,"column":15},"end":{"line":67,"column":28}}]},"2":{"type":"branch","line":67,"loc":{"start":{"line":67,"column":20},"end":{"line":68,"column":28}},"locations":[{"start":{"line":67,"column":20},"end":{"line":68,"column":28}}]},"3":{"type":"branch","line":68,"loc":{"start":{"line":68,"column":20},"end":{"line":69,"column":29}},"locations":[{"start":{"line":68,"column":20},"end":{"line":69,"column":29}}]},"4":{"type":"branch","line":54,"loc":{"start":{"line":54,"column":47},"end":{"line":63,"column":5}},"locations":[{"start":{"line":54,"column":47},"end":{"line":63,"column":5}}]},"5":{"type":"branch","line":56,"loc":{"start":{"line":56,"column":17},"end":{"line":57,"column":60}},"locations":[{"start":{"line":56,"column":17},"end":{"line":57,"column":60}}]},"6":{"type":"branch","line":57,"loc":{"start":{"line":57,"column":54},"end":{"line":58,"column":64}},"locations":[{"start":{"line":57,"column":54},"end":{"line":58,"column":64}}]},"7":{"type":"branch","line":59,"loc":{"start":{"line":59,"column":39},"end":{"line":59,"column":72}},"locations":[{"start":{"line":59,"column":39},"end":{"line":59,"column":72}}]},"8":{"type":"branch","line":60,"loc":{"start":{"line":60,"column":39},"end":{"line":60,"column":72}},"locations":[{"start":{"line":60,"column":39},"end":{"line":60,"column":72}}]},"9":{"type":"branch","line":61,"loc":{"start":{"line":61,"column":40},"end":{"line":61,"column":79}},"locations":[{"start":{"line":61,"column":40},"end":{"line":61,"column":79}}]},"10":{"type":"branch","line":62,"loc":{"start":{"line":62,"column":11},"end":{"line":62,"column":40}},"locations":[{"start":{"line":62,"column":11},"end":{"line":62,"column":40}}]},"11":{"type":"branch","line":62,"loc":{"start":{"line":62,"column":26},"end":{"line":62,"column":54}},"locations":[{"start":{"line":62,"column":26},"end":{"line":62,"column":54}}]},"12":{"type":"branch","line":62,"loc":{"start":{"line":62,"column":40},"end":{"line":62,"column":63}},"locations":[{"start":{"line":62,"column":40},"end":{"line":62,"column":63}}]},"13":{"type":"branch","line":71,"loc":{"start":{"line":71,"column":2},"end":{"line":76,"column":3}},"locations":[{"start":{"line":71,"column":2},"end":{"line":76,"column":3}}]},"14":{"type":"branch","line":86,"loc":{"start":{"line":86,"column":20},"end":{"line":86,"column":53}},"locations":[{"start":{"line":86,"column":20},"end":{"line":86,"column":53}}]},"15":{"type":"branch","line":96,"loc":{"start":{"line":96,"column":27},"end":{"line":96,"column":91}},"locations":[{"start":{"line":96,"column":27},"end":{"line":96,"column":91}}]}},"b":{"0":[41],"1":[12],"2":[11],"3":[11],"4":[492],"5":[348],"6":[315],"7":[12],"8":[0],"9":[0],"10":[228],"11":[217],"12":[217],"13":[1],"14":[29],"15":[1]},"fnMap":{"0":{"name":"AgentComparisonMatrix","decl":{"start":{"line":48,"column":15},"end":{"line":251,"column":1}},"loc":{"start":{"line":48,"column":15},"end":{"line":251,"column":1}},"line":48},"1":{"name":"clearFilters","decl":{"start":{"line":71,"column":2},"end":{"line":76,"column":3}},"loc":{"start":{"line":71,"column":2},"end":{"line":76,"column":3}},"line":71},"2":{"name":"onChange","decl":{"start":{"line":86,"column":20},"end":{"line":86,"column":53}},"loc":{"start":{"line":86,"column":20},"end":{"line":86,"column":53}},"line":86},"3":{"name":"onValueChange","decl":{"start":{"line":96,"column":27},"end":{"line":96,"column":91}},"loc":{"start":{"line":96,"column":27},"end":{"line":96,"column":91}},"line":96},"4":{"name":"onValueChange","decl":{"start":{"line":116,"column":27},"end":{"line":116,"column":77}},"loc":{"start":{"line":116,"column":27},"end":{"line":116,"column":77}},"line":116},"5":{"name":"onValueChange","decl":{"start":{"line":139,"column":27},"end":{"line":139,"column":78}},"loc":{"start":{"line":139,"column":27},"end":{"line":139,"column":78}},"line":139}},"f":{"0":41,"1":1,"2":29,"3":1,"4":0,"5":0}}
,"/Users/javi/repos/specrails-web/src/components/AgentsDropdown.tsx": {"path":"/Users/javi/repos/specrails-web/src/components/AgentsDropdown.tsx","all":false,"statementMap":{"0":{"start":{"line":1,"column":0},"end":{"line":1,"column":65}},"4":{"start":{"line":5,"column":0},"end":{"line":5,"column":21}},"5":{"start":{"line":6,"column":0},"end":{"line":6,"column":3}},"6":{"start":{"line":7,"column":0},"end":{"line":7,"column":22}},"7":{"start":{"line":8,"column":0},"end":{"line":8,"column":21}},"8":{"start":{"line":9,"column":0},"end":{"line":9,"column":53}},"9":{"start":{"line":10,"column":0},"end":{"line":10,"column":4}},"10":{"start":{"line":11,"column":0},"end":{"line":11,"column":3}},"11":{"start":{"line":12,"column":0},"end":{"line":12,"column":31}},"12":{"start":{"line":13,"column":0},"end":{"line":13,"column":20}},"13":{"start":{"line":14,"column":0},"end":{"line":14,"column":62}},"14":{"start":{"line":15,"column":0},"end":{"line":15,"column":4}},"15":{"start":{"line":16,"column":0},"end":{"line":16,"column":2}},"17":{"start":{"line":18,"column":0},"end":{"line":18,"column":47}},"18":{"start":{"line":19,"column":0},"end":{"line":19,"column":42}},"19":{"start":{"line":20,"column":0},"end":{"line":20,"column":52}},"20":{"start":{"line":21,"column":0},"end":{"line":21,"column":49}},"21":{"start":{"line":22,"column":0},"end":{"line":22,"column":77}},"23":{"start":{"line":24,"column":0},"end":{"line":24,"column":39}},"24":{"start":{"line":25,"column":0},"end":{"line":25,"column":28}},"25":{"start":{"line":26,"column":0},"end":{"line":26,"column":61}},"26":{"start":{"line":27,"column":0},"end":{"line":27,"column":56}},"27":{"start":{"line":28,"column":0},"end":{"line":28,"column":5}},"28":{"start":{"line":29,"column":0},"end":{"line":29,"column":9}},"30":{"start":{"line":31,"column":0},"end":{"line":31,"column":19}},"31":{"start":{"line":32,"column":0},"end":{"line":32,"column":22}},"32":{"start":{"line":33,"column":0},"end":{"line":33,"column":55}},"33":{"start":{"line":34,"column":0},"end":{"line":34,"column":49}},"34":{"start":{"line":35,"column":0},"end":{"line":35,"column":18}},"35":{"start":{"line":36,"column":0},"end":{"line":36,"column":60}},"36":{"start":{"line":37,"column":0},"end":{"line":37,"column":54}},"37":{"start":{"line":38,"column":0},"end":{"line":38,"column":6}},"38":{"start":{"line":39,"column":0},"end":{"line":39,"column":24}},"40":{"start":{"line":41,"column":0},"end":{"line":41,"column":19}},"41":{"start":{"line":42,"column":0},"end":{"line":42,"column":22}},"42":{"start":{"line":43,"column":0},"end":{"line":43,"column":51}},"43":{"start":{"line":44,"column":0},"end":{"line":44,"column":38}},"44":{"start":{"line":45,"column":0},"end":{"line":45,"column":10}},"45":{"start":{"line":46,"column":0},"end":{"line":46,"column":67}},"46":{"start":{"line":47,"column":0},"end":{"line":47,"column":60}},"47":{"start":{"line":48,"column":0},"end":{"line":48,"column":9}},"48":{"start":{"line":49,"column":0},"end":{"line":49,"column":23}},"49":{"start":{"line":50,"column":0},"end":{"line":50,"column":7}},"50":{"start":{"line":51,"column":0},"end":{"line":51,"column":6}},"51":{"start":{"line":52,"column":0},"end":{"line":52,"column":63}},"52":{"start":{"line":53,"column":0},"end":{"line":53,"column":79}},"53":{"start":{"line":54,"column":0},"end":{"line":54,"column":13}},"55":{"start":{"line":56,"column":0},"end":{"line":56,"column":10}},"56":{"start":{"line":57,"column":0},"end":{"line":57,"column":6}},"57":{"start":{"line":58,"column":0},"end":{"line":58,"column":13}},"58":{"start":{"line":59,"column":0},"end":{"line":59,"column":23}},"59":{"start":{"line":60,"column":0},"end":{"line":60,"column":24}},"60":{"start":{"line":61,"column":0},"end":{"line":61,"column":43}},"61":{"start":{"line":62,"column":0},"end":{"line":62,"column":67}},"62":{"start":{"line":63,"column":0},"end":{"line":63,"column":62}},"63":{"start":{"line":64,"column":0},"end":{"line":64,"column":18}},"64":{"start":{"line":65,"column":0},"end":{"line":65,"column":25}},"65":{"start":{"line":66,"column":0},"end":{"line":66,"column":11}},"66":{"start":{"line":67,"column":0},"end":{"line":67,"column":35}},"67":{"start":{"line":68,"column":0},"end":{"line":68,"column":10}},"68":{"start":{"line":69,"column":0},"end":{"line":69,"column":120}},"69":{"start":{"line":70,"column":0},"end":{"line":70,"column":7}},"71":{"start":{"line":72,"column":0},"end":{"line":72,"column":20}},"72":{"start":{"line":73,"column":0},"end":{"line":73,"column":93}},"76":{"start":{"line":77,"column":0},"end":{"line":77,"column":21}},"77":{"start":{"line":78,"column":0},"end":{"line":78,"column":21}},"78":{"start":{"line":79,"column":0},"end":{"line":79,"column":13}},"79":{"start":{"line":80,"column":0},"end":{"line":80,"column":25}},"80":{"start":{"line":81,"column":0},"end":{"line":81,"column":52}},"81":{"start":{"line":82,"column":0},"end":{"line":82,"column":114}},"83":{"start":{"line":84,"column":0},"end":{"line":84,"column":40}},"84":{"start":{"line":85,"column":0},"end":{"line":85,"column":34}},"85":{"start":{"line":86,"column":0},"end":{"line":86,"column":18}},"86":{"start":{"line":87,"column":0},"end":{"line":87,"column":34}},"87":{"start":{"line":88,"column":0},"end":{"line":88,"column":48}},"88":{"start":{"line":89,"column":0},"end":{"line":89,"column":105}},"90":{"start":{"line":91,"column":0},"end":{"line":91,"column":121}},"91":{"start":{"line":92,"column":0},"end":{"line":92,"column":32}},"93":{"start":{"line":94,"column":0},"end":{"line":94,"column":72}},"94":{"start":{"line":95,"column":0},"end":{"line":95,"column":38}},"100":{"start":{"line":101,"column":0},"end":{"line":101,"column":23}},"104":{"start":{"line":105,"column":0},"end":{"line":105,"column":1}}},"s":{"0":1,"4":1,"5":1,"6":1,"7":1,"8":1,"9":1,"10":1,"11":1,"12":1,"13":1,"14":1,"15":1,"17":1,"18":23,"19":23,"20":23,"21":23,"23":23,"24":0,"25":0,"26":0,"27":0,"28":23,"30":23,"31":23,"32":1,"33":1,"34":1,"35":1,"36":1,"37":1,"38":23,"40":23,"41":23,"42":1,"43":0,"44":0,"45":0,"46":0,"47":0,"48":0,"49":0,"50":0,"51":1,"52":1,"53":23,"55":23,"56":23,"57":23,"58":23,"59":23,"60":1,"61":1,"62":1,"63":1,"64":0,"65":0,"66":1,"67":1,"68":23,"69":23,"71":23,"72":23,"76":23,"77":1,"78":1,"79":1,"80":1,"81":1,"83":1,"84":1,"85":1,"86":1,"87":1,"88":1,"90":1,"91":1,"93":1,"94":1,"100":1,"104":23},"branchMap":{"0":{"type":"branch","line":18,"loc":{"start":{"line":18,"column":7},"end":{"line":105,"column":1}},"locations":[{"start":{"line":18,"column":7},"end":{"line":105,"column":1}}]},"1":{"type":"branch","line":73,"loc":{"start":{"line":73,"column":66},"end":{"line":73,"column":88}},"locations":[{"start":{"line":73,"column":66},"end":{"line":73,"column":88}}]},"2":{"type":"branch","line":73,"loc":{"start":{"line":73,"column":73},"end":{"line":73,"column":93}},"locations":[{"start":{"line":73,"column":73},"end":{"line":73,"column":93}}]},"3":{"type":"branch","line":77,"loc":{"start":{"line":77,"column":7},"end":{"line":77,"column":21}},"locations":[{"start":{"line":77,"column":7},"end":{"line":77,"column":21}}]},"4":{"type":"branch","line":77,"loc":{"start":{"line":77,"column":15},"end":{"line":101,"column":23}},"locations":[{"start":{"line":77,"column":15},"end":{"line":101,"column":23}}]},"5":{"type":"branch","line":31,"loc":{"start":{"line":31,"column":12},"end":{"line":39,"column":5}},"locations":[{"start":{"line":31,"column":12},"end":{"line":39,"column":5}}]},"6":{"type":"branch","line":32,"loc":{"start":{"line":32,"column":15},"end":{"line":32,"column":22}},"locations":[{"start":{"line":32,"column":15},"end":{"line":32,"column":22}}]},"7":{"type":"branch","line":32,"loc":{"start":{"line":32,"column":15},"end":{"line":39,"column":5}},"locations":[{"start":{"line":32,"column":15},"end":{"line":39,"column":5}}]},"8":{"type":"branch","line":35,"loc":{"start":{"line":35,"column":11},"end":{"line":38,"column":6}},"locations":[{"start":{"line":35,"column":11},"end":{"line":38,"column":6}}]},"9":{"type":"branch","line":41,"loc":{"start":{"line":41,"column":12},"end":{"line":54,"column":5}},"locations":[{"start":{"line":41,"column":12},"end":{"line":54,"column":5}}]},"10":{"type":"branch","line":42,"loc":{"start":{"line":42,"column":15},"end":{"line":42,"column":22}},"locations":[{"start":{"line":42,"column":15},"end":{"line":42,"column":22}}]},"11":{"type":"branch","line":42,"loc":{"start":{"line":42,"column":15},"end":{"line":54,"column":5}},"locations":[{"start":{"line":42,"column":15},"end":{"line":54,"column":5}}]},"12":{"type":"branch","line":53,"loc":{"start":{"line":53,"column":11},"end":{"line":53,"column":79}},"locations":[{"start":{"line":53,"column":11},"end":{"line":53,"column":79}}]},"13":{"type":"branch","line":60,"loc":{"start":{"line":60,"column":17},"end":{"line":68,"column":10}},"locations":[{"start":{"line":60,"column":17},"end":{"line":68,"column":10}}]},"14":{"type":"branch","line":64,"loc":{"start":{"line":64,"column":10},"end":{"line":66,"column":11}},"locations":[{"start":{"line":64,"column":10},"end":{"line":66,"column":11}}]},"15":{"type":"branch","line":67,"loc":{"start":{"line":67,"column":18},"end":{"line":67,"column":35}},"locations":[{"start":{"line":67,"column":18},"end":{"line":67,"column":35}}]}},"b":{"0":[23],"1":[1],"2":[22],"3":[1],"4":[1],"5":[23],"6":[22],"7":[1],"8":[1],"9":[23],"10":[22],"11":[1],"12":[1],"13":[1],"14":[0],"15":[1]},"fnMap":{"0":{"name":"AgentsDropdown","decl":{"start":{"line":18,"column":7},"end":{"line":105,"column":1}},"loc":{"start":{"line":18,"column":7},"end":{"line":105,"column":1}},"line":18},"1":{"name":"handleClickOutside","decl":{"start":{"line":43,"column":31},"end":{"line":51,"column":6}},"loc":{"start":{"line":43,"column":31},"end":{"line":51,"column":6}},"line":43},"2":{"name":"onClick","decl":{"start":{"line":60,"column":17},"end":{"line":68,"column":10}},"loc":{"start":{"line":60,"column":17},"end":{"line":68,"column":10}},"line":60},"3":{"name":"onClick","decl":{"start":{"line":88,"column":27},"end":{"line":88,"column":48}},"loc":{"start":{"line":88,"column":27},"end":{"line":88,"column":48}},"line":88}},"f":{"0":23,"1":0,"2":1,"3":0}}
,"/Users/javi/repos/specrails-web/src/components/AgentsSection.tsx": {"path":"/Users/javi/repos/specrails-web/src/components/AgentsSection.tsx","all":false,"statementMap":{"0":{"start":{"line":1,"column":0},"end":{"line":1,"column":40}},"1":{"start":{"line":2,"column":0},"end":{"line":2,"column":64}},"2":{"start":{"line":3,"column":0},"end":{"line":3,"column":39}},"4":{"start":{"line":5,"column":0},"end":{"line":5,"column":45}},"5":{"start":{"line":6,"column":0},"end":{"line":6,"column":51}},"6":{"start":{"line":7,"column":0},"end":{"line":7,"column":49}},"7":{"start":{"line":8,"column":0},"end":{"line":8,"column":50}},"8":{"start":{"line":9,"column":0},"end":{"line":9,"column":2}},"10":{"start":{"line":11,"column":0},"end":{"line":11,"column":29}},"11":{"start":{"line":12,"column":0},"end":{"line":12,"column":50}},"13":{"start":{"line":14,"column":0},"end":{"line":14,"column":10}},"14":{"start":{"line":15,"column":0},"end":{"line":15,"column":58}},"15":{"start":{"line":16,"column":0},"end":{"line":16,"column":51}},"16":{"start":{"line":17,"column":0},"end":{"line":17,"column":11}},"17":{"start":{"line":18,"column":0},"end":{"line":18,"column":100}},"18":{"start":{"line":19,"column":0},"end":{"line":19,"column":79}},"19":{"start":{"line":20,"column":0},"end":{"line":20,"column":13}},"20":{"start":{"line":21,"column":0},"end":{"line":21,"column":9}},"21":{"start":{"line":22,"column":0},"end":{"line":22,"column":28}},"22":{"start":{"line":23,"column":0},"end":{"line":23,"column":73}},"24":{"start":{"line":25,"column":0},"end":{"line":25,"column":10}},"25":{"start":{"line":26,"column":0},"end":{"line":26,"column":119}},"26":{"start":{"line":27,"column":0},"end":{"line":27,"column":79}},"27":{"start":{"line":28,"column":0},"end":{"line":28,"column":13}},"28":{"start":{"line":29,"column":0},"end":{"line":29,"column":9}},"32":{"start":{"line":33,"column":0},"end":{"line":33,"column":10}},"33":{"start":{"line":34,"column":0},"end":{"line":34,"column":109}},"34":{"start":{"line":35,"column":0},"end":{"line":35,"column":79}},"35":{"start":{"line":36,"column":0},"end":{"line":36,"column":13}},"37":{"start":{"line":38,"column":0},"end":{"line":38,"column":144}},"39":{"start":{"line":40,"column":0},"end":{"line":40,"column":22}},"40":{"start":{"line":41,"column":0},"end":{"line":41,"column":145}},"42":{"start":{"line":43,"column":0},"end":{"line":43,"column":22}},"43":{"start":{"line":44,"column":0},"end":{"line":44,"column":143}},"47":{"start":{"line":48,"column":0},"end":{"line":48,"column":12}},"48":{"start":{"line":49,"column":0},"end":{"line":49,"column":80}},"49":{"start":{"line":50,"column":0},"end":{"line":50,"column":79}},"50":{"start":{"line":51,"column":0},"end":{"line":51,"column":13}},"52":{"start":{"line":53,"column":0},"end":{"line":53,"column":15}},"53":{"start":{"line":54,"column":0},"end":{"line":54,"column":24}},"54":{"start":{"line":55,"column":0},"end":{"line":55,"column":93}},"55":{"start":{"line":56,"column":0},"end":{"line":56,"column":11}},"60":{"start":{"line":61,"column":0},"end":{"line":61,"column":66}},"61":{"start":{"line":62,"column":0},"end":{"line":62,"column":33}},"62":{"start":{"line":63,"column":0},"end":{"line":63,"column":16}},"63":{"start":{"line":64,"column":0},"end":{"line":64,"column":26}},"64":{"start":{"line":65,"column":0},"end":{"line":65,"column":111}},"65":{"start":{"line":66,"column":0},"end":{"line":66,"column":83}},"66":{"start":{"line":67,"column":0},"end":{"line":67,"column":17}},"67":{"start":{"line":68,"column":0},"end":{"line":68,"column":80}},"69":{"start":{"line":70,"column":0},"end":{"line":70,"column":59}},"70":{"start":{"line":71,"column":0},"end":{"line":71,"column":69}},"71":{"start":{"line":72,"column":0},"end":{"line":72,"column":61}},"73":{"start":{"line":74,"column":0},"end":{"line":74,"column":40}},"74":{"start":{"line":75,"column":0},"end":{"line":75,"column":69}},"75":{"start":{"line":76,"column":0},"end":{"line":76,"column":71}},"76":{"start":{"line":77,"column":0},"end":{"line":77,"column":111}},"77":{"start":{"line":78,"column":0},"end":{"line":78,"column":31}},"82":{"start":{"line":83,"column":0},"end":{"line":83,"column":87}},"89":{"start":{"line":90,"column":0},"end":{"line":90,"column":2}},"91":{"start":{"line":92,"column":0},"end":{"line":92,"column":29}}},"s":{"0":1,"1":1,"2":1,"4":1,"5":1,"6":1,"7":1,"8":1,"10":1,"11":12,"13":12,"14":12,"15":12,"16":12,"17":12,"18":12,"19":12,"20":12,"21":12,"22":12,"24":12,"25":12,"26":12,"27":12,"28":12,"32":12,"33":12,"34":12,"35":12,"37":12,"39":12,"40":12,"42":12,"43":12,"47":12,"48":12,"49":12,"50":12,"52":12,"53":12,"54":12,"55":12,"60":12,"61":12,"62":12,"63":12,"64":12,"65":12,"66":12,"67":12,"69":12,"70":12,"71":12,"73":12,"74":12,"75":12,"76":12,"77":12,"82":12,"89":12,"91":1},"branchMap":{"0":{"type":"branch","line":11,"loc":{"start":{"line":11,"column":22},"end":{"line":90,"column":2}},"locations":[{"start":{"line":11,"column":22},"end":{"line":90,"column":2}}]},"1":{"type":"branch","line":19,"loc":{"start":{"line":19,"column":12},"end":{"line":19,"column":54}},"locations":[{"start":{"line":19,"column":12},"end":{"line":19,"column":54}}]},"2":{"type":"branch","line":19,"loc":{"start":{"line":19,"column":24},"end":{"line":19,"column":79}},"locations":[{"start":{"line":19,"column":24},"end":{"line":19,"column":79}}]},"3":{"type":"branch","line":27,"loc":{"start":{"line":27,"column":12},"end":{"line":27,"column":54}},"locations":[{"start":{"line":27,"column":12},"end":{"line":27,"column":54}}]},"4":{"type":"branch","line":27,"loc":{"start":{"line":27,"column":24},"end":{"line":27,"column":79}},"locations":[{"start":{"line":27,"column":24},"end":{"line":27,"column":79}}]},"5":{"type":"branch","line":35,"loc":{"start":{"line":35,"column":12},"end":{"line":35,"column":54}},"locations":[{"start":{"line":35,"column":12},"end":{"line":35,"column":54}}]},"6":{"type":"branch","line":35,"loc":{"start":{"line":35,"column":24},"end":{"line":35,"column":79}},"locations":[{"start":{"line":35,"column":24},"end":{"line":35,"column":79}}]},"7":{"type":"branch","line":50,"loc":{"start":{"line":50,"column":12},"end":{"line":50,"column":54}},"locations":[{"start":{"line":50,"column":12},"end":{"line":50,"column":54}}]},"8":{"type":"branch","line":50,"loc":{"start":{"line":50,"column":24},"end":{"line":50,"column":79}},"locations":[{"start":{"line":50,"column":24},"end":{"line":50,"column":79}}]},"9":{"type":"branch","line":66,"loc":{"start":{"line":66,"column":16},"end":{"line":66,"column":58}},"locations":[{"start":{"line":66,"column":16},"end":{"line":66,"column":58}}]},"10":{"type":"branch","line":66,"loc":{"start":{"line":66,"column":28},"end":{"line":66,"column":83}},"locations":[{"start":{"line":66,"column":28},"end":{"line":66,"column":83}}]}},"b":{"0":[12],"1":[6],"2":[6],"3":[6],"4":[6],"5":[6],"6":[6],"7":[6],"8":[6],"9":[72],"10":[72]},"fnMap":{"0":{"name":"AgentsSection","decl":{"start":{"line":11,"column":22},"end":{"line":90,"column":2}},"loc":{"start":{"line":11,"column":22},"end":{"line":90,"column":2}},"line":11}},"f":{"0":12}}
,"/Users/javi/repos/specrails-web/src/components/AnimatedLogo.tsx": {"path":"/Users/javi/repos/specrails-web/src/components/AnimatedLogo.tsx","all":false,"statementMap":{"0":{"start":{"line":1,"column":0},"end":{"line":1,"column":52}},"2":{"start":{"line":3,"column":0},"end":{"line":3,"column":56}},"3":{"start":{"line":4,"column":0},"end":{"line":4,"column":25}},"4":{"start":{"line":5,"column":0},"end":{"line":5,"column":1}},"6":{"start":{"line":7,"column":0},"end":{"line":7,"column":44}},"7":{"start":{"line":8,"column":0},"end":{"line":8,"column":67}},"8":{"start":{"line":9,"column":0},"end":{"line":9,"column":1}},"10":{"start":{"line":11,"column":0},"end":{"line":11,"column":26}},"12":{"start":{"line":13,"column":0},"end":{"line":13,"column":28}},"13":{"start":{"line":14,"column":0},"end":{"line":14,"column":43}},"14":{"start":{"line":15,"column":0},"end":{"line":15,"column":26}},"15":{"start":{"line":16,"column":0},"end":{"line":16,"column":46}},"17":{"start":{"line":18,"column":0},"end":{"line":18,"column":31}},"18":{"start":{"line":19,"column":0},"end":{"line":19,"column":31}},"19":{"start":{"line":20,"column":0},"end":{"line":20,"column":32}},"20":{"start":{"line":21,"column":0},"end":{"line":21,"column":30}},"22":{"start":{"line":23,"column":0},"end":{"line":23,"column":50}},"23":{"start":{"line":24,"column":0},"end":{"line":24,"column":27}},"24":{"start":{"line":25,"column":0},"end":{"line":25,"column":31}},"25":{"start":{"line":26,"column":0},"end":{"line":26,"column":29}},"26":{"start":{"line":27,"column":0},"end":{"line":27,"column":30}},"28":{"start":{"line":29,"column":0},"end":{"line":29,"column":19}},"29":{"start":{"line":30,"column":0},"end":{"line":30,"column":27}},"30":{"start":{"line":31,"column":0},"end":{"line":31,"column":20}},"32":{"start":{"line":33,"column":0},"end":{"line":33,"column":88}},"34":{"start":{"line":35,"column":0},"end":{"line":35,"column":60}},"35":{"start":{"line":36,"column":0},"end":{"line":36,"column":49}},"37":{"start":{"line":38,"column":0},"end":{"line":38,"column":27}},"38":{"start":{"line":39,"column":0},"end":{"line":39,"column":88}},"39":{"start":{"line":40,"column":0},"end":{"line":40,"column":40}},"41":{"start":{"line":42,"column":0},"end":{"line":42,"column":48}},"42":{"start":{"line":43,"column":0},"end":{"line":43,"column":51}},"44":{"start":{"line":45,"column":0},"end":{"line":45,"column":51}},"45":{"start":{"line":46,"column":0},"end":{"line":46,"column":51}},"46":{"start":{"line":47,"column":0},"end":{"line":47,"column":35}},"48":{"start":{"line":49,"column":0},"end":{"line":49,"column":30}},"49":{"start":{"line":50,"column":0},"end":{"line":50,"column":50}},"50":{"start":{"line":51,"column":0},"end":{"line":51,"column":34}},"51":{"start":{"line":52,"column":0},"end":{"line":52,"column":36}},"52":{"start":{"line":53,"column":0},"end":{"line":53,"column":6}},"54":{"start":{"line":55,"column":0},"end":{"line":55,"column":26}},"55":{"start":{"line":56,"column":0},"end":{"line":56,"column":37}},"56":{"start":{"line":57,"column":0},"end":{"line":57,"column":73}},"57":{"start":{"line":58,"column":0},"end":{"line":58,"column":41}},"59":{"start":{"line":60,"column":0},"end":{"line":60,"column":69}},"61":{"start":{"line":62,"column":0},"end":{"line":62,"column":34}},"62":{"start":{"line":63,"column":0},"end":{"line":63,"column":55}},"64":{"start":{"line":65,"column":0},"end":{"line":65,"column":79}},"65":{"start":{"line":66,"column":0},"end":{"line":66,"column":51}},"66":{"start":{"line":67,"column":0},"end":{"line":67,"column":83}},"68":{"start":{"line":69,"column":0},"end":{"line":69,"column":53}},"69":{"start":{"line":70,"column":0},"end":{"line":70,"column":71}},"71":{"start":{"line":72,"column":0},"end":{"line":72,"column":32}},"72":{"start":{"line":73,"column":0},"end":{"line":73,"column":37}},"73":{"start":{"line":74,"column":0},"end":{"line":74,"column":62}},"74":{"start":{"line":75,"column":0},"end":{"line":75,"column":6}},"76":{"start":{"line":77,"column":0},"end":{"line":77,"column":28}},"77":{"start":{"line":78,"column":0},"end":{"line":78,"column":42}},"78":{"start":{"line":79,"column":0},"end":{"line":79,"column":52}},"79":{"start":{"line":80,"column":0},"end":{"line":80,"column":6}},"81":{"start":{"line":82,"column":0},"end":{"line":82,"column":24}},"82":{"start":{"line":83,"column":0},"end":{"line":83,"column":16}},"83":{"start":{"line":84,"column":0},"end":{"line":84,"column":15}},"84":{"start":{"line":85,"column":0},"end":{"line":85,"column":6}},"86":{"start":{"line":87,"column":0},"end":{"line":87,"column":87}},"87":{"start":{"line":88,"column":0},"end":{"line":88,"column":23}},"88":{"start":{"line":89,"column":0},"end":{"line":89,"column":67}},"90":{"start":{"line":91,"column":0},"end":{"line":91,"column":66}},"91":{"start":{"line":92,"column":0},"end":{"line":92,"column":27}},"92":{"start":{"line":93,"column":0},"end":{"line":93,"column":27}},"93":{"start":{"line":94,"column":0},"end":{"line":94,"column":13}},"94":{"start":{"line":95,"column":0},"end":{"line":95,"column":75}},"95":{"start":{"line":96,"column":0},"end":{"line":96,"column":42}},"96":{"start":{"line":97,"column":0},"end":{"line":97,"column":28}},"97":{"start":{"line":98,"column":0},"end":{"line":98,"column":14}},"98":{"start":{"line":99,"column":0},"end":{"line":99,"column":7}},"100":{"start":{"line":101,"column":0},"end":{"line":101,"column":62}},"101":{"start":{"line":102,"column":0},"end":{"line":102,"column":69}},"103":{"start":{"line":104,"column":0},"end":{"line":104,"column":67}},"104":{"start":{"line":105,"column":0},"end":{"line":105,"column":44}},"106":{"start":{"line":107,"column":0},"end":{"line":107,"column":18}},"107":{"start":{"line":108,"column":0},"end":{"line":108,"column":22}},"108":{"start":{"line":109,"column":0},"end":{"line":109,"column":36}},"109":{"start":{"line":110,"column":0},"end":{"line":110,"column":53}},"110":{"start":{"line":111,"column":0},"end":{"line":111,"column":49}},"111":{"start":{"line":112,"column":0},"end":{"line":112,"column":42}},"112":{"start":{"line":113,"column":0},"end":{"line":113,"column":40}},"113":{"start":{"line":114,"column":0},"end":{"line":114,"column":43}},"114":{"start":{"line":115,"column":0},"end":{"line":115,"column":50}},"115":{"start":{"line":116,"column":0},"end":{"line":116,"column":6}},"116":{"start":{"line":117,"column":0},"end":{"line":117,"column":9}},"118":{"start":{"line":119,"column":0},"end":{"line":119,"column":10}},"119":{"start":{"line":120,"column":0},"end":{"line":120,"column":8}},"120":{"start":{"line":121,"column":0},"end":{"line":121,"column":15}},"121":{"start":{"line":122,"column":0},"end":{"line":122,"column":109}},"122":{"start":{"line":123,"column":0},"end":{"line":123,"column":14}},"123":{"start":{"line":124,"column":0},"end":{"line":124,"column":38}},"124":{"start":{"line":125,"column":0},"end":{"line":125,"column":32}},"125":{"start":{"line":126,"column":0},"end":{"line":126,"column":32}},"126":{"start":{"line":127,"column":0},"end":{"line":127,"column":44}},"127":{"start":{"line":128,"column":0},"end":{"line":128,"column":8}},"129":{"start":{"line":130,"column":0},"end":{"line":130,"column":55}},"130":{"start":{"line":131,"column":0},"end":{"line":131,"column":54}},"133":{"start":{"line":134,"column":0},"end":{"line":134,"column":2}},"135":{"start":{"line":136,"column":0},"end":{"line":136,"column":28}}},"s":{"0":1,"2":24,"3":24,"4":24,"6":8,"7":8,"8":8,"10":1,"12":1,"13":14,"14":14,"15":14,"17":14,"18":14,"19":14,"20":14,"22":14,"23":14,"24":14,"25":14,"26":14,"28":14,"29":9,"30":9,"32":9,"34":9,"35":9,"37":9,"38":8,"39":8,"41":5,"42":5,"44":5,"45":5,"46":5,"48":5,"49":5,"50":5,"51":5,"52":5,"54":9,"55":8,"56":8,"57":8,"59":8,"61":8,"62":8,"64":8,"65":8,"66":8,"68":8,"69":8,"71":8,"72":8,"73":8,"74":8,"76":9,"77":0,"78":0,"79":0,"81":9,"82":8,"83":8,"84":8,"86":9,"87":9,"88":9,"90":9,"91":9,"92":9,"93":8,"94":8,"95":8,"96":0,"97":8,"98":8,"100":9,"101":9,"103":9,"104":9,"106":9,"107":9,"108":9,"109":9,"110":9,"111":9,"112":9,"113":9,"114":9,"115":9,"116":14,"118":14,"119":14,"120":14,"121":14,"122":14,"123":14,"124":14,"125":14,"126":14,"127":14,"129":14,"130":14,"133":14,"135":1},"branchMap":{"0":{"type":"branch","line":3,"loc":{"start":{"line":3,"column":0},"end":{"line":5,"column":1}},"locations":[{"start":{"line":3,"column":0},"end":{"line":5,"column":1}}]},"1":{"type":"branch","line":7,"loc":{"start":{"line":7,"column":0},"end":{"line":9,"column":1}},"locations":[{"start":{"line":7,"column":0},"end":{"line":9,"column":1}}]},"2":{"type":"branch","line":8,"loc":{"start":{"line":8,"column":31},"end":{"line":8,"column":67}},"locations":[{"start":{"line":8,"column":31},"end":{"line":8,"column":67}}]},"3":{"type":"branch","line":13,"loc":{"start":{"line":13,"column":21},"end":{"line":134,"column":2}},"locations":[{"start":{"line":13,"column":21},"end":{"line":134,"column":2}}]},"4":{"type":"branch","line":126,"loc":{"start":{"line":126,"column":17},"end":{"line":126,"column":30}},"locations":[{"start":{"line":126,"column":17},"end":{"line":126,"column":30}}]},"5":{"type":"branch","line":126,"loc":{"start":{"line":126,"column":26},"end":{"line":126,"column":32}},"locations":[{"start":{"line":126,"column":26},"end":{"line":126,"column":32}}]},"6":{"type":"branch","line":29,"loc":{"start":{"line":29,"column":12},"end":{"line":117,"column":5}},"locations":[{"start":{"line":29,"column":12},"end":{"line":117,"column":5}}]},"7":{"type":"branch","line":31,"loc":{"start":{"line":31,"column":13},"end":{"line":31,"column":20}},"locations":[{"start":{"line":31,"column":13},"end":{"line":31,"column":20}}]},"8":{"type":"branch","line":36,"loc":{"start":{"line":36,"column":19},"end":{"line":36,"column":49}},"locations":[{"start":{"line":36,"column":19},"end":{"line":36,"column":49}}]},"9":{"type":"branch","line":91,"loc":{"start":{"line":91,"column":37},"end":{"line":91,"column":48}},"locations":[{"start":{"line":91,"column":37},"end":{"line":91,"column":48}}]},"10":{"type":"branch","line":91,"loc":{"start":{"line":91,"column":39},"end":{"line":91,"column":66}},"locations":[{"start":{"line":91,"column":39},"end":{"line":91,"column":66}}]},"11":{"type":"branch","line":38,"loc":{"start":{"line":38,"column":20},"end":{"line":53,"column":6}},"locations":[{"start":{"line":38,"column":20},"end":{"line":53,"column":6}}]},"12":{"type":"branch","line":40,"loc":{"start":{"line":40,"column":11},"end":{"line":40,"column":33}},"locations":[{"start":{"line":40,"column":11},"end":{"line":40,"column":33}}]},"13":{"type":"branch","line":40,"loc":{"start":{"line":40,"column":33},"end":{"line":40,"column":40}},"locations":[{"start":{"line":40,"column":33},"end":{"line":40,"column":40}}]},"14":{"type":"branch","line":40,"loc":{"start":{"line":40,"column":33},"end":{"line":53,"column":6}},"locations":[{"start":{"line":40,"column":33},"end":{"line":53,"column":6}}]},"15":{"type":"branch","line":55,"loc":{"start":{"line":55,"column":19},"end":{"line":75,"column":6}},"locations":[{"start":{"line":55,"column":19},"end":{"line":75,"column":6}}]},"16":{"type":"branch","line":82,"loc":{"start":{"line":82,"column":17},"end":{"line":85,"column":6}},"locations":[{"start":{"line":82,"column":17},"end":{"line":85,"column":6}}]},"17":{"type":"branch","line":92,"loc":{"start":{"line":92,"column":20},"end":{"line":99,"column":7}},"locations":[{"start":{"line":92,"column":20},"end":{"line":99,"column":7}}]},"18":{"type":"branch","line":93,"loc":{"start":{"line":93,"column":20},"end":{"line":93,"column":27}},"locations":[{"start":{"line":93,"column":20},"end":{"line":93,"column":27}}]},"19":{"type":"branch","line":93,"loc":{"start":{"line":93,"column":20},"end":{"line":99,"column":7}},"locations":[{"start":{"line":93,"column":20},"end":{"line":99,"column":7}}]},"20":{"type":"branch","line":102,"loc":{"start":{"line":102,"column":46},"end":{"line":102,"column":69}},"locations":[{"start":{"line":102,"column":46},"end":{"line":102,"column":69}}]},"21":{"type":"branch","line":107,"loc":{"start":{"line":107,"column":11},"end":{"line":116,"column":6}},"locations":[{"start":{"line":107,"column":11},"end":{"line":116,"column":6}}]},"22":{"type":"branch","line":115,"loc":{"start":{"line":115,"column":21},"end":{"line":115,"column":50}},"locations":[{"start":{"line":115,"column":21},"end":{"line":115,"column":50}}]}},"b":{"0":[24],"1":[8],"2":[0],"3":[14],"4":[5],"5":[9],"6":[9],"7":[0],"8":[6],"9":[5],"10":[4],"11":[8],"12":[5],"13":[3],"14":[5],"15":[8],"16":[8],"17":[9],"18":[1],"19":[8],"20":[5],"21":[9],"22":[6]},"fnMap":{"0":{"name":"lerp","decl":{"start":{"line":3,"column":0},"end":{"line":5,"column":1}},"loc":{"start":{"line":3,"column":0},"end":{"line":5,"column":1}},"line":3},"1":{"name":"easeInOutCubic","decl":{"start":{"line":7,"column":0},"end":{"line":9,"column":1}},"loc":{"start":{"line":7,"column":0},"end":{"line":9,"column":1}},"line":7},"2":{"name":"AnimatedLogo","decl":{"start":{"line":13,"column":21},"end":{"line":134,"column":2}},"loc":{"start":{"line":13,"column":21},"end":{"line":134,"column":2}},"line":13},"3":{"name":"measure","decl":{"start":{"line":38,"column":20},"end":{"line":53,"column":6}},"loc":{"start":{"line":38,"column":20},"end":{"line":53,"column":6}},"line":38},"4":{"name":"update","decl":{"start":{"line":55,"column":19},"end":{"line":75,"column":6}},"loc":{"start":{"line":55,"column":19},"end":{"line":75,"column":6}},"line":55},"5":{"name":"onScroll","decl":{"start":{"line":77,"column":21},"end":{"line":80,"column":6}},"loc":{"start":{"line":77,"column":21},"end":{"line":80,"column":6}},"line":77},"6":{"name":"init","decl":{"start":{"line":82,"column":17},"end":{"line":85,"column":6}},"loc":{"start":{"line":82,"column":17},"end":{"line":85,"column":6}},"line":82}},"f":{"0":24,"1":8,"2":14,"3":8,"4":8,"5":0,"6":8}}
,"/Users/javi/repos/specrails-web/src/components/CliCompatibilitySection.tsx": {"path":"/Users/javi/repos/specrails-web/src/components/CliCompatibilitySection.tsx","all":false,"statementMap":{"0":{"start":{"line":1,"column":0},"end":{"line":1,"column":64}},"1":{"start":{"line":2,"column":0},"end":{"line":2,"column":44}},"3":{"start":{"line":4,"column":0},"end":{"line":4,"column":102}},"4":{"start":{"line":5,"column":0},"end":{"line":5,"column":92}},"5":{"start":{"line":6,"column":0},"end":{"line":6,"column":93}},"6":{"start":{"line":7,"column":0},"end":{"line":7,"column":118}},"7":{"start":{"line":8,"column":0},"end":{"line":8,"column":85}},"8":{"start":{"line":9,"column":0},"end":{"line":9,"column":105}},"9":{"start":{"line":10,"column":0},"end":{"line":10,"column":94}},"10":{"start":{"line":11,"column":0},"end":{"line":11,"column":91}},"11":{"start":{"line":12,"column":0},"end":{"line":12,"column":93}},"12":{"start":{"line":13,"column":0},"end":{"line":13,"column":95}},"13":{"start":{"line":14,"column":0},"end":{"line":14,"column":98}},"14":{"start":{"line":15,"column":0},"end":{"line":15,"column":89}},"15":{"start":{"line":16,"column":0},"end":{"line":16,"column":95}},"16":{"start":{"line":17,"column":0},"end":{"line":17,"column":97}},"17":{"start":{"line":18,"column":0},"end":{"line":18,"column":103}},"18":{"start":{"line":19,"column":0},"end":{"line":19,"column":93}},"19":{"start":{"line":20,"column":0},"end":{"line":20,"column":2}},"21":{"start":{"line":22,"column":0},"end":{"line":22,"column":41}},"22":{"start":{"line":23,"column":0},"end":{"line":23,"column":8}},"23":{"start":{"line":24,"column":0},"end":{"line":24,"column":83}},"25":{"start":{"line":26,"column":0},"end":{"line":26,"column":89}},"28":{"start":{"line":29,"column":0},"end":{"line":29,"column":39}},"29":{"start":{"line":30,"column":0},"end":{"line":30,"column":50}},"31":{"start":{"line":32,"column":0},"end":{"line":32,"column":10}},"32":{"start":{"line":33,"column":0},"end":{"line":33,"column":77}},"33":{"start":{"line":34,"column":0},"end":{"line":34,"column":51}},"34":{"start":{"line":35,"column":0},"end":{"line":35,"column":11}},"35":{"start":{"line":36,"column":0},"end":{"line":36,"column":100}},"36":{"start":{"line":37,"column":0},"end":{"line":37,"column":79}},"37":{"start":{"line":38,"column":0},"end":{"line":38,"column":13}},"38":{"start":{"line":39,"column":0},"end":{"line":39,"column":9}},"39":{"start":{"line":40,"column":0},"end":{"line":40,"column":70}},"42":{"start":{"line":43,"column":0},"end":{"line":43,"column":10}},"43":{"start":{"line":44,"column":0},"end":{"line":44,"column":109}},"44":{"start":{"line":45,"column":0},"end":{"line":45,"column":79}},"45":{"start":{"line":46,"column":0},"end":{"line":46,"column":13}},"46":{"start":{"line":47,"column":0},"end":{"line":47,"column":9}},"47":{"start":{"line":48,"column":0},"end":{"line":48,"column":41}},"48":{"start":{"line":49,"column":0},"end":{"line":49,"column":105}},"51":{"start":{"line":52,"column":0},"end":{"line":52,"column":12}},"52":{"start":{"line":53,"column":0},"end":{"line":53,"column":79}},"53":{"start":{"line":54,"column":0},"end":{"line":54,"column":79}},"54":{"start":{"line":55,"column":0},"end":{"line":55,"column":13}},"56":{"start":{"line":57,"column":0},"end":{"line":57,"column":44}},"57":{"start":{"line":58,"column":0},"end":{"line":58,"column":19}},"58":{"start":{"line":59,"column":0},"end":{"line":59,"column":56}},"59":{"start":{"line":60,"column":0},"end":{"line":60,"column":98}},"60":{"start":{"line":61,"column":0},"end":{"line":61,"column":92}},"63":{"start":{"line":64,"column":0},"end":{"line":64,"column":93}},"66":{"start":{"line":67,"column":0},"end":{"line":67,"column":91}},"69":{"start":{"line":70,"column":0},"end":{"line":70,"column":93}},"74":{"start":{"line":75,"column":0},"end":{"line":75,"column":19}},"75":{"start":{"line":76,"column":0},"end":{"line":76,"column":37}},"76":{"start":{"line":77,"column":0},"end":{"line":77,"column":19}},"77":{"start":{"line":78,"column":0},"end":{"line":78,"column":35}},"78":{"start":{"line":79,"column":0},"end":{"line":79,"column":118}},"79":{"start":{"line":80,"column":0},"end":{"line":80,"column":59}},"80":{"start":{"line":81,"column":0},"end":{"line":81,"column":21}},"81":{"start":{"line":82,"column":0},"end":{"line":82,"column":60}},"83":{"start":{"line":84,"column":0},"end":{"line":84,"column":78}},"84":{"start":{"line":85,"column":0},"end":{"line":85,"column":56}},"85":{"start":{"line":86,"column":0},"end":{"line":86,"column":41}},"87":{"start":{"line":88,"column":0},"end":{"line":88,"column":56}},"88":{"start":{"line":89,"column":0},"end":{"line":89,"column":48}},"90":{"start":{"line":91,"column":0},"end":{"line":91,"column":56}},"91":{"start":{"line":92,"column":0},"end":{"line":92,"column":43}},"93":{"start":{"line":94,"column":0},"end":{"line":94,"column":56}},"94":{"start":{"line":95,"column":0},"end":{"line":95,"column":41}},"104":{"start":{"line":105,"column":0},"end":{"line":105,"column":2}},"106":{"start":{"line":107,"column":0},"end":{"line":107,"column":39}}},"s":{"0":1,"1":1,"3":1,"4":1,"5":1,"6":1,"7":1,"8":1,"9":1,"10":1,"11":1,"12":1,"13":1,"14":1,"15":1,"16":1,"17":1,"18":1,"19":1,"21":1,"22":1,"23":480,"25":1,"28":1,"29":12,"31":12,"32":12,"33":12,"34":12,"35":12,"36":12,"37":12,"38":12,"39":12,"42":12,"43":12,"44":12,"45":12,"46":12,"47":12,"48":12,"51":12,"52":12,"53":12,"54":12,"56":12,"57":12,"58":12,"59":12,"60":12,"63":12,"66":12,"69":12,"74":12,"75":12,"76":12,"77":12,"78":12,"79":12,"80":12,"81":12,"83":12,"84":12,"85":12,"87":12,"88":12,"90":12,"91":12,"93":12,"94":12,"104":12,"106":1},"branchMap":{"0":{"type":"branch","line":23,"loc":{"start":{"line":23,"column":2},"end":{"line":26,"column":5}},"locations":[{"start":{"line":23,"column":2},"end":{"line":26,"column":5}}]},"1":{"type":"branch","line":29,"loc":{"start":{"line":29,"column":32},"end":{"line":105,"column":2}},"locations":[{"start":{"line":29,"column":32},"end":{"line":105,"column":2}}]},"2":{"type":"branch","line":37,"loc":{"start":{"line":37,"column":12},"end":{"line":37,"column":54}},"locations":[{"start":{"line":37,"column":12},"end":{"line":37,"column":54}}]},"3":{"type":"branch","line":37,"loc":{"start":{"line":37,"column":24},"end":{"line":37,"column":79}},"locations":[{"start":{"line":37,"column":24},"end":{"line":37,"column":79}}]},"4":{"type":"branch","line":45,"loc":{"start":{"line":45,"column":12},"end":{"line":45,"column":54}},"locations":[{"start":{"line":45,"column":12},"end":{"line":45,"column":54}}]},"5":{"type":"branch","line":45,"loc":{"start":{"line":45,"column":24},"end":{"line":45,"column":79}},"locations":[{"start":{"line":45,"column":24},"end":{"line":45,"column":79}}]},"6":{"type":"branch","line":54,"loc":{"start":{"line":54,"column":12},"end":{"line":54,"column":54}},"locations":[{"start":{"line":54,"column":12},"end":{"line":54,"column":54}}]},"7":{"type":"branch","line":54,"loc":{"start":{"line":54,"column":24},"end":{"line":54,"column":79}},"locations":[{"start":{"line":54,"column":24},"end":{"line":54,"column":79}}]},"8":{"type":"branch","line":80,"loc":{"start":{"line":80,"column":20},"end":{"line":80,"column":48}},"locations":[{"start":{"line":80,"column":20},"end":{"line":80,"column":48}}]},"9":{"type":"branch","line":80,"loc":{"start":{"line":80,"column":32},"end":{"line":80,"column":59}},"locations":[{"start":{"line":80,"column":32},"end":{"line":80,"column":59}}]}},"b":{"0":[480],"1":[12],"2":[6],"3":[6],"4":[6],"5":[6],"6":[6],"7":[6],"8":[90],"9":[90]},"fnMap":{"0":{"name":"CliCompatibilitySection","decl":{"start":{"line":29,"column":32},"end":{"line":105,"column":2}},"loc":{"start":{"line":29,"column":32},"end":{"line":105,"column":2}},"line":29}},"f":{"0":12}}
,"/Users/javi/repos/specrails-web/src/components/CommandsSection.tsx": {"path":"/Users/javi/repos/specrails-web/src/components/CommandsSection.tsx","all":false,"statementMap":{"0":{"start":{"line":1,"column":0},"end":{"line":1,"column":64}},"1":{"start":{"line":2,"column":0},"end":{"line":2,"column":96}},"3":{"start":{"line":4,"column":0},"end":{"line":4,"column":18}},"4":{"start":{"line":5,"column":0},"end":{"line":5,"column":229}},"5":{"start":{"line":6,"column":0},"end":{"line":6,"column":195}},"6":{"start":{"line":7,"column":0},"end":{"line":7,"column":222}},"7":{"start":{"line":8,"column":0},"end":{"line":8,"column":257}},"8":{"start":{"line":9,"column":0},"end":{"line":9,"column":268}},"9":{"start":{"line":10,"column":0},"end":{"line":10,"column":229}},"10":{"start":{"line":11,"column":0},"end":{"line":11,"column":2}},"12":{"start":{"line":13,"column":0},"end":{"line":13,"column":31}},"13":{"start":{"line":14,"column":0},"end":{"line":14,"column":50}},"15":{"start":{"line":16,"column":0},"end":{"line":16,"column":10}},"16":{"start":{"line":17,"column":0},"end":{"line":17,"column":60}},"17":{"start":{"line":18,"column":0},"end":{"line":18,"column":51}},"18":{"start":{"line":19,"column":0},"end":{"line":19,"column":11}},"19":{"start":{"line":20,"column":0},"end":{"line":20,"column":100}},"20":{"start":{"line":21,"column":0},"end":{"line":21,"column":79}},"21":{"start":{"line":22,"column":0},"end":{"line":22,"column":13}},"23":{"start":{"line":24,"column":0},"end":{"line":24,"column":57}},"25":{"start":{"line":26,"column":0},"end":{"line":26,"column":10}},"26":{"start":{"line":27,"column":0},"end":{"line":27,"column":110}},"27":{"start":{"line":28,"column":0},"end":{"line":28,"column":79}},"28":{"start":{"line":29,"column":0},"end":{"line":29,"column":13}},"29":{"start":{"line":30,"column":0},"end":{"line":30,"column":9}},"30":{"start":{"line":31,"column":0},"end":{"line":31,"column":47}},"31":{"start":{"line":32,"column":0},"end":{"line":32,"column":100}},"34":{"start":{"line":35,"column":0},"end":{"line":35,"column":51}},"35":{"start":{"line":36,"column":0},"end":{"line":36,"column":35}},"36":{"start":{"line":37,"column":0},"end":{"line":37,"column":16}},"37":{"start":{"line":38,"column":0},"end":{"line":38,"column":25}},"38":{"start":{"line":39,"column":0},"end":{"line":39,"column":92}},"39":{"start":{"line":40,"column":0},"end":{"line":40,"column":83}},"40":{"start":{"line":41,"column":0},"end":{"line":41,"column":17}},"41":{"start":{"line":42,"column":0},"end":{"line":42,"column":57}},"43":{"start":{"line":44,"column":0},"end":{"line":44,"column":60}},"44":{"start":{"line":45,"column":0},"end":{"line":45,"column":59}},"45":{"start":{"line":46,"column":0},"end":{"line":46,"column":81}},"47":{"start":{"line":48,"column":0},"end":{"line":48,"column":76}},"48":{"start":{"line":49,"column":0},"end":{"line":49,"column":127}},"49":{"start":{"line":50,"column":0},"end":{"line":50,"column":25}},"57":{"start":{"line":58,"column":0},"end":{"line":58,"column":2}},"59":{"start":{"line":60,"column":0},"end":{"line":60,"column":31}}},"s":{"0":1,"1":1,"3":1,"4":1,"5":1,"6":1,"7":1,"8":1,"9":1,"10":1,"12":1,"13":12,"15":12,"16":12,"17":12,"18":12,"19":12,"20":12,"21":12,"23":12,"25":12,"26":12,"27":12,"28":12,"29":12,"30":12,"31":12,"34":12,"35":12,"36":12,"37":12,"38":12,"39":12,"40":12,"41":12,"43":12,"44":12,"45":12,"47":12,"48":12,"49":12,"57":12,"59":1},"branchMap":{"0":{"type":"branch","line":13,"loc":{"start":{"line":13,"column":24},"end":{"line":58,"column":2}},"locations":[{"start":{"line":13,"column":24},"end":{"line":58,"column":2}}]},"1":{"type":"branch","line":21,"loc":{"start":{"line":21,"column":12},"end":{"line":21,"column":54}},"locations":[{"start":{"line":21,"column":12},"end":{"line":21,"column":54}}]},"2":{"type":"branch","line":21,"loc":{"start":{"line":21,"column":24},"end":{"line":21,"column":79}},"locations":[{"start":{"line":21,"column":24},"end":{"line":21,"column":79}}]},"3":{"type":"branch","line":28,"loc":{"start":{"line":28,"column":12},"end":{"line":28,"column":54}},"locations":[{"start":{"line":28,"column":12},"end":{"line":28,"column":54}}]},"4":{"type":"branch","line":28,"loc":{"start":{"line":28,"column":24},"end":{"line":28,"column":79}},"locations":[{"start":{"line":28,"column":24},"end":{"line":28,"column":79}}]},"5":{"type":"branch","line":40,"loc":{"start":{"line":40,"column":16},"end":{"line":40,"column":58}},"locations":[{"start":{"line":40,"column":16},"end":{"line":40,"column":58}}]},"6":{"type":"branch","line":40,"loc":{"start":{"line":40,"column":28},"end":{"line":40,"column":83}},"locations":[{"start":{"line":40,"column":28},"end":{"line":40,"column":83}}]}},"b":{"0":[12],"1":[6],"2":[6],"3":[6],"4":[6],"5":[36],"6":[36]},"fnMap":{"0":{"name":"CommandsSection","decl":{"start":{"line":13,"column":24},"end":{"line":58,"column":2}},"loc":{"start":{"line":13,"column":24},"end":{"line":58,"column":2}},"line":13}},"f":{"0":12}}
,"/Users/javi/repos/specrails-web/src/components/DemoSection.tsx": {"path":"/Users/javi/repos/specrails-web/src/components/DemoSection.tsx","all":false,"statementMap":{"0":{"start":{"line":1,"column":0},"end":{"line":1,"column":64}},"1":{"start":{"line":2,"column":0},"end":{"line":2,"column":52}},"9":{"start":{"line":10,"column":0},"end":{"line":10,"column":21}},"10":{"start":{"line":11,"column":0},"end":{"line":11,"column":23}},"11":{"start":{"line":12,"column":0},"end":{"line":12,"column":26}},"12":{"start":{"line":13,"column":0},"end":{"line":13,"column":28}},"14":{"start":{"line":15,"column":0},"end":{"line":15,"column":35}},"15":{"start":{"line":16,"column":0},"end":{"line":16,"column":31}},"16":{"start":{"line":17,"column":0},"end":{"line":17,"column":12}},"18":{"start":{"line":19,"column":0},"end":{"line":19,"column":68}},"19":{"start":{"line":20,"column":0},"end":{"line":20,"column":42}},"20":{"start":{"line":21,"column":0},"end":{"line":21,"column":15}},"21":{"start":{"line":22,"column":0},"end":{"line":22,"column":4}},"22":{"start":{"line":23,"column":0},"end":{"line":23,"column":52}},"23":{"start":{"line":24,"column":0},"end":{"line":24,"column":46}},"24":{"start":{"line":25,"column":0},"end":{"line":25,"column":36}},"25":{"start":{"line":26,"column":0},"end":{"line":26,"column":4}},"26":{"start":{"line":27,"column":0},"end":{"line":27,"column":58}},"27":{"start":{"line":28,"column":0},"end":{"line":28,"column":39}},"29":{"start":{"line":30,"column":0},"end":{"line":30,"column":12}},"30":{"start":{"line":31,"column":0},"end":{"line":31,"column":64}},"31":{"start":{"line":32,"column":0},"end":{"line":32,"column":34}},"32":{"start":{"line":33,"column":0},"end":{"line":33,"column":6}},"33":{"start":{"line":34,"column":0},"end":{"line":34,"column":120}},"34":{"start":{"line":35,"column":0},"end":{"line":35,"column":26}},"35":{"start":{"line":36,"column":0},"end":{"line":36,"column":17}},"38":{"start":{"line":39,"column":0},"end":{"line":39,"column":13}},"39":{"start":{"line":40,"column":0},"end":{"line":40,"column":75}},"40":{"start":{"line":41,"column":0},"end":{"line":41,"column":334}},"41":{"start":{"line":42,"column":0},"end":{"line":42,"column":84}},"42":{"start":{"line":43,"column":0},"end":{"line":43,"column":334}},"43":{"start":{"line":44,"column":0},"end":{"line":44,"column":111}},"44":{"start":{"line":45,"column":0},"end":{"line":45,"column":111}},"45":{"start":{"line":46,"column":0},"end":{"line":46,"column":111}},"46":{"start":{"line":47,"column":0},"end":{"line":47,"column":111}},"47":{"start":{"line":48,"column":0},"end":{"line":48,"column":108}},"48":{"start":{"line":49,"column":0},"end":{"line":49,"column":334}},"50":{"start":{"line":51,"column":0},"end":{"line":51,"column":12}},"51":{"start":{"line":52,"column":0},"end":{"line":52,"column":91}},"52":{"start":{"line":53,"column":0},"end":{"line":53,"column":98}},"53":{"start":{"line":54,"column":0},"end":{"line":54,"column":47}},"54":{"start":{"line":55,"column":0},"end":{"line":55,"column":400}},"55":{"start":{"line":56,"column":0},"end":{"line":56,"column":100}},"56":{"start":{"line":57,"column":0},"end":{"line":57,"column":400}},"57":{"start":{"line":58,"column":0},"end":{"line":58,"column":123}},"58":{"start":{"line":59,"column":0},"end":{"line":59,"column":124}},"59":{"start":{"line":60,"column":0},"end":{"line":60,"column":122}},"60":{"start":{"line":61,"column":0},"end":{"line":61,"column":400}},"62":{"start":{"line":63,"column":0},"end":{"line":63,"column":13}},"63":{"start":{"line":64,"column":0},"end":{"line":64,"column":78}},"64":{"start":{"line":65,"column":0},"end":{"line":65,"column":102}},"65":{"start":{"line":66,"column":0},"end":{"line":66,"column":47}},"66":{"start":{"line":67,"column":0},"end":{"line":67,"column":586}},"67":{"start":{"line":68,"column":0},"end":{"line":68,"column":129}},"68":{"start":{"line":69,"column":0},"end":{"line":69,"column":586}},"69":{"start":{"line":70,"column":0},"end":{"line":70,"column":153}},"70":{"start":{"line":71,"column":0},"end":{"line":71,"column":153}},"71":{"start":{"line":72,"column":0},"end":{"line":72,"column":151}},"72":{"start":{"line":73,"column":0},"end":{"line":73,"column":586}},"74":{"start":{"line":75,"column":0},"end":{"line":75,"column":22}},"75":{"start":{"line":76,"column":0},"end":{"line":76,"column":44}},"76":{"start":{"line":77,"column":0},"end":{"line":77,"column":51}},"77":{"start":{"line":78,"column":0},"end":{"line":78,"column":47}},"78":{"start":{"line":79,"column":0},"end":{"line":79,"column":6}},"79":{"start":{"line":80,"column":0},"end":{"line":80,"column":94}},"80":{"start":{"line":81,"column":0},"end":{"line":81,"column":24}},"82":{"start":{"line":83,"column":0},"end":{"line":83,"column":6}},"83":{"start":{"line":84,"column":0},"end":{"line":84,"column":94}},"84":{"start":{"line":85,"column":0},"end":{"line":85,"column":24}},"86":{"start":{"line":87,"column":0},"end":{"line":87,"column":47}},"87":{"start":{"line":88,"column":0},"end":{"line":88,"column":6}},"88":{"start":{"line":89,"column":0},"end":{"line":89,"column":96}},"89":{"start":{"line":90,"column":0},"end":{"line":90,"column":24}},"91":{"start":{"line":92,"column":0},"end":{"line":92,"column":6}},"92":{"start":{"line":93,"column":0},"end":{"line":93,"column":81}},"93":{"start":{"line":94,"column":0},"end":{"line":94,"column":24}},"95":{"start":{"line":96,"column":0},"end":{"line":96,"column":47}},"96":{"start":{"line":97,"column":0},"end":{"line":97,"column":6}},"97":{"start":{"line":98,"column":0},"end":{"line":98,"column":88}},"98":{"start":{"line":99,"column":0},"end":{"line":99,"column":24}},"100":{"start":{"line":101,"column":0},"end":{"line":101,"column":6}},"101":{"start":{"line":102,"column":0},"end":{"line":102,"column":100}},"102":{"start":{"line":103,"column":0},"end":{"line":103,"column":24}},"105":{"start":{"line":106,"column":0},"end":{"line":106,"column":25}},"106":{"start":{"line":107,"column":0},"end":{"line":107,"column":44}},"107":{"start":{"line":108,"column":0},"end":{"line":108,"column":93}},"108":{"start":{"line":109,"column":0},"end":{"line":109,"column":124}},"109":{"start":{"line":110,"column":0},"end":{"line":110,"column":47}},"110":{"start":{"line":111,"column":0},"end":{"line":111,"column":94}},"112":{"start":{"line":113,"column":0},"end":{"line":113,"column":13}},"113":{"start":{"line":114,"column":0},"end":{"line":114,"column":89}},"114":{"start":{"line":115,"column":0},"end":{"line":115,"column":83}},"115":{"start":{"line":116,"column":0},"end":{"line":116,"column":47}},"116":{"start":{"line":117,"column":0},"end":{"line":117,"column":520}},"117":{"start":{"line":118,"column":0},"end":{"line":118,"column":124}},"118":{"start":{"line":119,"column":0},"end":{"line":119,"column":520}},"119":{"start":{"line":120,"column":0},"end":{"line":120,"column":147}},"120":{"start":{"line":121,"column":0},"end":{"line":121,"column":147}},"121":{"start":{"line":122,"column":0},"end":{"line":122,"column":145}},"122":{"start":{"line":123,"column":0},"end":{"line":123,"column":520}},"124":{"start":{"line":125,"column":0},"end":{"line":125,"column":31}},"125":{"start":{"line":126,"column":0},"end":{"line":126,"column":44}},"126":{"start":{"line":127,"column":0},"end":{"line":127,"column":95}},"127":{"start":{"line":128,"column":0},"end":{"line":128,"column":85}},"128":{"start":{"line":129,"column":0},"end":{"line":129,"column":83}},"129":{"start":{"line":130,"column":0},"end":{"line":130,"column":109}},"130":{"start":{"line":131,"column":0},"end":{"line":131,"column":47}},"131":{"start":{"line":132,"column":0},"end":{"line":132,"column":85}},"132":{"start":{"line":133,"column":0},"end":{"line":133,"column":71}},"133":{"start":{"line":134,"column":0},"end":{"line":134,"column":69}},"134":{"start":{"line":135,"column":0},"end":{"line":135,"column":82}},"135":{"start":{"line":136,"column":0},"end":{"line":136,"column":92}},"136":{"start":{"line":137,"column":0},"end":{"line":137,"column":47}},"137":{"start":{"line":138,"column":0},"end":{"line":138,"column":88}},"138":{"start":{"line":139,"column":0},"end":{"line":139,"column":89}},"139":{"start":{"line":140,"column":0},"end":{"line":140,"column":75}},"140":{"start":{"line":141,"column":0},"end":{"line":141,"column":71}},"141":{"start":{"line":142,"column":0},"end":{"line":142,"column":96}},"143":{"start":{"line":144,"column":0},"end":{"line":144,"column":13}},"144":{"start":{"line":145,"column":0},"end":{"line":145,"column":69}},"145":{"start":{"line":146,"column":0},"end":{"line":146,"column":95}},"147":{"start":{"line":148,"column":0},"end":{"line":148,"column":13}},"148":{"start":{"line":149,"column":0},"end":{"line":149,"column":80}},"149":{"start":{"line":150,"column":0},"end":{"line":150,"column":90}},"150":{"start":{"line":151,"column":0},"end":{"line":151,"column":47}},"151":{"start":{"line":152,"column":0},"end":{"line":152,"column":436}},"152":{"start":{"line":153,"column":0},"end":{"line":153,"column":96}},"153":{"start":{"line":154,"column":0},"end":{"line":154,"column":436}},"154":{"start":{"line":155,"column":0},"end":{"line":155,"column":122}},"155":{"start":{"line":156,"column":0},"end":{"line":156,"column":122}},"156":{"start":{"line":157,"column":0},"end":{"line":157,"column":122}},"157":{"start":{"line":158,"column":0},"end":{"line":158,"column":123}},"158":{"start":{"line":159,"column":0},"end":{"line":159,"column":123}},"159":{"start":{"line":160,"column":0},"end":{"line":160,"column":123}},"160":{"start":{"line":161,"column":0},"end":{"line":161,"column":123}},"161":{"start":{"line":162,"column":0},"end":{"line":162,"column":123}},"162":{"start":{"line":163,"column":0},"end":{"line":163,"column":120}},"163":{"start":{"line":164,"column":0},"end":{"line":164,"column":436}},"164":{"start":{"line":165,"column":0},"end":{"line":165,"column":73}},"166":{"start":{"line":167,"column":0},"end":{"line":167,"column":13}},"167":{"start":{"line":168,"column":0},"end":{"line":168,"column":66}},"168":{"start":{"line":169,"column":0},"end":{"line":169,"column":84}},"169":{"start":{"line":170,"column":0},"end":{"line":170,"column":47}},"170":{"start":{"line":171,"column":0},"end":{"line":171,"column":442}},"171":{"start":{"line":172,"column":0},"end":{"line":172,"column":102}},"172":{"start":{"line":173,"column":0},"end":{"line":173,"column":442}},"173":{"start":{"line":174,"column":0},"end":{"line":174,"column":129}},"174":{"start":{"line":175,"column":0},"end":{"line":175,"column":129}},"175":{"start":{"line":176,"column":0},"end":{"line":176,"column":129}},"176":{"start":{"line":177,"column":0},"end":{"line":177,"column":129}},"177":{"start":{"line":178,"column":0},"end":{"line":178,"column":129}},"178":{"start":{"line":179,"column":0},"end":{"line":179,"column":135}},"179":{"start":{"line":180,"column":0},"end":{"line":180,"column":442}},"180":{"start":{"line":181,"column":0},"end":{"line":181,"column":47}},"181":{"start":{"line":182,"column":0},"end":{"line":182,"column":70}},"182":{"start":{"line":183,"column":0},"end":{"line":183,"column":58}},"184":{"start":{"line":185,"column":0},"end":{"line":185,"column":13}},"185":{"start":{"line":186,"column":0},"end":{"line":186,"column":62}},"186":{"start":{"line":187,"column":0},"end":{"line":187,"column":75}},"187":{"start":{"line":188,"column":0},"end":{"line":188,"column":47}},"188":{"start":{"line":189,"column":0},"end":{"line":189,"column":57}},"189":{"start":{"line":190,"column":0},"end":{"line":190,"column":107}},"190":{"start":{"line":191,"column":0},"end":{"line":191,"column":109}},"191":{"start":{"line":192,"column":0},"end":{"line":192,"column":110}},"192":{"start":{"line":193,"column":0},"end":{"line":193,"column":47}},"193":{"start":{"line":194,"column":0},"end":{"line":194,"column":58}},"194":{"start":{"line":195,"column":0},"end":{"line":195,"column":85}},"195":{"start":{"line":196,"column":0},"end":{"line":196,"column":107}},"197":{"start":{"line":198,"column":0},"end":{"line":198,"column":13}},"198":{"start":{"line":199,"column":0},"end":{"line":199,"column":73}},"199":{"start":{"line":200,"column":0},"end":{"line":200,"column":526}},"200":{"start":{"line":201,"column":0},"end":{"line":201,"column":133}},"201":{"start":{"line":202,"column":0},"end":{"line":202,"column":526}},"202":{"start":{"line":203,"column":0},"end":{"line":203,"column":155}},"203":{"start":{"line":204,"column":0},"end":{"line":204,"column":155}},"204":{"start":{"line":205,"column":0},"end":{"line":205,"column":155}},"205":{"start":{"line":206,"column":0},"end":{"line":206,"column":526}},"206":{"start":{"line":207,"column":0},"end":{"line":207,"column":47}},"207":{"start":{"line":208,"column":0},"end":{"line":208,"column":88}},"208":{"start":{"line":209,"column":0},"end":{"line":209,"column":47}},"209":{"start":{"line":210,"column":0},"end":{"line":210,"column":94}},"211":{"start":{"line":212,"column":0},"end":{"line":212,"column":15}},"212":{"start":{"line":213,"column":0},"end":{"line":213,"column":1}},"214":{"start":{"line":215,"column":0},"end":{"line":215,"column":35}},"216":{"start":{"line":217,"column":0},"end":{"line":217,"column":27}},"217":{"start":{"line":218,"column":0},"end":{"line":218,"column":50}},"218":{"start":{"line":219,"column":0},"end":{"line":219,"column":54}},"219":{"start":{"line":220,"column":0},"end":{"line":220,"column":48}},"220":{"start":{"line":221,"column":0},"end":{"line":221,"column":49}},"222":{"start":{"line":223,"column":0},"end":{"line":223,"column":51}},"223":{"start":{"line":224,"column":0},"end":{"line":224,"column":19}},"224":{"start":{"line":225,"column":0},"end":{"line":225,"column":32}},"225":{"start":{"line":226,"column":0},"end":{"line":226,"column":23}},"226":{"start":{"line":227,"column":0},"end":{"line":227,"column":5}},"227":{"start":{"line":228,"column":0},"end":{"line":228,"column":27}},"229":{"start":{"line":230,"column":0},"end":{"line":230,"column":18}},"230":{"start":{"line":231,"column":0},"end":{"line":231,"column":19}},"231":{"start":{"line":232,"column":0},"end":{"line":232,"column":25}},"232":{"start":{"line":233,"column":0},"end":{"line":233,"column":49}},"233":{"start":{"line":234,"column":0},"end":{"line":234,"column":58}},"235":{"start":{"line":236,"column":0},"end":{"line":236,"column":46}},"236":{"start":{"line":237,"column":0},"end":{"line":237,"column":16}},"238":{"start":{"line":239,"column":0},"end":{"line":239,"column":46}},"239":{"start":{"line":240,"column":0},"end":{"line":240,"column":19}},"240":{"start":{"line":241,"column":0},"end":{"line":241,"column":28}},"241":{"start":{"line":242,"column":0},"end":{"line":242,"column":67}},"242":{"start":{"line":243,"column":0},"end":{"line":243,"column":5}},"243":{"start":{"line":244,"column":0},"end":{"line":244,"column":21}},"245":{"start":{"line":246,"column":0},"end":{"line":246,"column":10}},"246":{"start":{"line":247,"column":0},"end":{"line":247,"column":71}},"247":{"start":{"line":248,"column":0},"end":{"line":248,"column":51}},"248":{"start":{"line":249,"column":0},"end":{"line":249,"column":11}},"249":{"start":{"line":250,"column":0},"end":{"line":250,"column":100}},"250":{"start":{"line":251,"column":0},"end":{"line":251,"column":79}},"251":{"start":{"line":252,"column":0},"end":{"line":252,"column":13}},"252":{"start":{"line":253,"column":0},"end":{"line":253,"column":9}},"253":{"start":{"line":254,"column":0},"end":{"line":254,"column":65}},"255":{"start":{"line":256,"column":0},"end":{"line":256,"column":10}},"256":{"start":{"line":257,"column":0},"end":{"line":257,"column":102}},"257":{"start":{"line":258,"column":0},"end":{"line":258,"column":79}},"258":{"start":{"line":259,"column":0},"end":{"line":259,"column":13}},"259":{"start":{"line":260,"column":0},"end":{"line":260,"column":9}},"263":{"start":{"line":264,"column":0},"end":{"line":264,"column":12}},"264":{"start":{"line":265,"column":0},"end":{"line":265,"column":75}},"265":{"start":{"line":266,"column":0},"end":{"line":266,"column":79}},"266":{"start":{"line":267,"column":0},"end":{"line":267,"column":13}},"269":{"start":{"line":270,"column":0},"end":{"line":270,"column":87}},"270":{"start":{"line":271,"column":0},"end":{"line":271,"column":59}},"271":{"start":{"line":272,"column":0},"end":{"line":272,"column":62}},"272":{"start":{"line":273,"column":0},"end":{"line":273,"column":61}},"273":{"start":{"line":274,"column":0},"end":{"line":274,"column":65}},"279":{"start":{"line":280,"column":0},"end":{"line":280,"column":14}},"280":{"start":{"line":281,"column":0},"end":{"line":281,"column":27}},"281":{"start":{"line":282,"column":0},"end":{"line":282,"column":107}},"282":{"start":{"line":283,"column":0},"end":{"line":283,"column":59}},"284":{"start":{"line":285,"column":0},"end":{"line":285,"column":54}},"285":{"start":{"line":286,"column":0},"end":{"line":286,"column":70}},"286":{"start":{"line":287,"column":0},"end":{"line":287,"column":116}},"287":{"start":{"line":288,"column":0},"end":{"line":288,"column":29}},"290":{"start":{"line":291,"column":0},"end":{"line":291,"column":66}},"291":{"start":{"line":292,"column":0},"end":{"line":292,"column":88}},"299":{"start":{"line":300,"column":0},"end":{"line":300,"column":2}},"301":{"start":{"line":302,"column":0},"end":{"line":302,"column":27}}},"s":{"0":1,"1":1,"9":1,"10":1,"11":1,"12":1,"14":1,"15":1,"16":1,"18":1,"19":143,"20":143,"21":143,"22":1,"23":9,"24":9,"25":9,"26":1,"27":60,"29":1,"30":1,"31":1,"32":1,"33":1,"34":1,"35":1,"38":1,"39":1,"40":1,"41":1,"42":1,"43":1,"44":1,"45":1,"46":1,"47":1,"48":1,"50":1,"51":1,"52":1,"53":1,"54":1,"55":1,"56":1,"57":1,"58":1,"59":1,"60":1,"62":1,"63":1,"64":1,"65":1,"66":1,"67":1,"68":1,"69":1,"70":1,"71":1,"72":1,"74":1,"75":1,"76":1,"77":1,"
[...]
ons":[{"start":{"line":8,"column":0},"end":{"line":23,"column":1}}]},"1":{"type":"branch","line":25,"loc":{"start":{"line":25,"column":15},"end":{"line":84,"column":1}},"locations":[{"start":{"line":25,"column":15},"end":{"line":84,"column":1}}]},"2":{"type":"branch","line":30,"loc":{"start":{"line":30,"column":11},"end":{"line":30,"column":43}},"locations":[{"start":{"line":30,"column":11},"end":{"line":30,"column":43}}]},"3":{"type":"branch","line":30,"loc":{"start":{"line":30,"column":43},"end":{"line":30,"column":70}},"locations":[{"start":{"line":30,"column":43},"end":{"line":30,"column":70}}]},"4":{"type":"branch","line":31,"loc":{"start":{"line":31,"column":17},"end":{"line":32,"column":55}},"locations":[{"start":{"line":31,"column":17},"end":{"line":32,"column":55}}]},"5":{"type":"branch","line":33,"loc":{"start":{"line":33,"column":-1},"end":{"line":33,"column":49}},"locations":[{"start":{"line":33,"column":-1},"end":{"line":33,"column":49}}]},"6":{"type":"branch","line":41,"loc":{"start":{"line":41,"column":12},"end":{"line":43,"column":3}},"locations":[{"start":{"line":41,"column":12},"end":{"line":43,"column":3}}]},"7":{"type":"branch","line":43,"loc":{"start":{"line":43,"column":2},"end":{"line":65,"column":11}},"locations":[{"start":{"line":43,"column":2},"end":{"line":65,"column":11}}]},"8":{"type":"branch","line":55,"loc":{"start":{"line":55,"column":30},"end":{"line":55,"column":45}},"locations":[{"start":{"line":55,"column":30},"end":{"line":55,"column":45}}]},"9":{"type":"branch","line":67,"loc":{"start":{"line":67,"column":9},"end":{"line":79,"column":11}},"locations":[{"start":{"line":67,"column":9},"end":{"line":79,"column":11}}]},"10":{"type":"branch","line":69,"loc":{"start":{"line":69,"column":30},"end":{"line":69,"column":45}},"locations":[{"start":{"line":69,"column":30},"end":{"line":69,"column":45}}]},"11":{"type":"branch","line":37,"loc":{"start":{"line":37,"column":12},"end":{"line":39,"column":5}},"locations":[{"start":{"line":37,"column":12},"end":{"line":39,"column":5}}]}},"b":{"0":[2],"1":[5],"2":[3],"3":[2],"4":[3],"5":[2],"6":[2],"7":[3],"8":[0],"9":[3],"10":[0],"11":[5]},"fnMap":{"0":{"name":"NotFoundContent","decl":{"start":{"line":8,"column":0},"end":{"line":23,"column":1}},"loc":{"start":{"line":8,"column":0},"end":{"line":23,"column":1}},"line":8},"1":{"name":"DocPage","decl":{"start":{"line":25,"column":15},"end":{"line":84,"column":1}},"loc":{"start":{"line":25,"column":15},"end":{"line":84,"column":1}},"line":25}},"f":{"0":2,"1":5}}
,"/Users/javi/repos/specrails-web/src/pages/DocsIndex.tsx": {"path":"/Users/javi/repos/specrails-web/src/pages/DocsIndex.tsx","all":false,"statementMap":{"0":{"start":{"line":1,"column":0},"end":{"line":1,"column":40}},"5":{"start":{"line":6,"column":0},"end":{"line":6,"column":50}},"6":{"start":{"line":7,"column":0},"end":{"line":7,"column":10}},"7":{"start":{"line":8,"column":0},"end":{"line":8,"column":39}},"8":{"start":{"line":9,"column":0},"end":{"line":9,"column":16}},"9":{"start":{"line":10,"column":0},"end":{"line":10,"column":135}},"10":{"start":{"line":11,"column":0},"end":{"line":11,"column":44}},"11":{"start":{"line":12,"column":0},"end":{"line":12,"column":5}},"13":{"start":{"line":14,"column":0},"end":{"line":14,"column":41}},"14":{"start":{"line":15,"column":0},"end":{"line":15,"column":58}},"16":{"start":{"line":17,"column":0},"end":{"line":17,"column":78}},"17":{"start":{"line":18,"column":0},"end":{"line":18,"column":78}},"18":{"start":{"line":19,"column":0},"end":{"line":19,"column":79}},"20":{"start":{"line":21,"column":0},"end":{"line":21,"column":10}},"21":{"start":{"line":22,"column":0},"end":{"line":22,"column":50}},"23":{"start":{"line":24,"column":0},"end":{"line":24,"column":29}},"24":{"start":{"line":25,"column":0},"end":{"line":25,"column":82}},"25":{"start":{"line":26,"column":0},"end":{"line":26,"column":71}},"32":{"start":{"line":33,"column":0},"end":{"line":33,"column":33}},"33":{"start":{"line":34,"column":0},"end":{"line":34,"column":54}},"34":{"start":{"line":35,"column":0},"end":{"line":35,"column":60}},"35":{"start":{"line":36,"column":0},"end":{"line":36,"column":109}},"37":{"start":{"line":38,"column":0},"end":{"line":38,"column":35}},"38":{"start":{"line":39,"column":0},"end":{"line":39,"column":39}},"39":{"start":{"line":40,"column":0},"end":{"line":40,"column":17}},"40":{"start":{"line":41,"column":0},"end":{"line":41,"column":30}},"41":{"start":{"line":42,"column":0},"end":{"line":42,"column":40}},"42":{"start":{"line":43,"column":0},"end":{"line":43,"column":190}},"44":{"start":{"line":45,"column":0},"end":{"line":45,"column":39}},"45":{"start":{"line":46,"column":0},"end":{"line":46,"column":116}},"46":{"start":{"line":47,"column":0},"end":{"line":47,"column":31}},"48":{"start":{"line":49,"column":0},"end":{"line":49,"column":88}},"50":{"start":{"line":51,"column":0},"end":{"line":51,"column":159}},"57":{"start":{"line":58,"column":0},"end":{"line":58,"column":33}},"58":{"start":{"line":59,"column":0},"end":{"line":59,"column":54}},"59":{"start":{"line":60,"column":0},"end":{"line":60,"column":59}},"60":{"start":{"line":61,"column":0},"end":{"line":61,"column":108}},"62":{"start":{"line":63,"column":0},"end":{"line":63,"column":35}},"63":{"start":{"line":64,"column":0},"end":{"line":64,"column":38}},"64":{"start":{"line":65,"column":0},"end":{"line":65,"column":17}},"65":{"start":{"line":66,"column":0},"end":{"line":66,"column":30}},"66":{"start":{"line":67,"column":0},"end":{"line":67,"column":40}},"67":{"start":{"line":68,"column":0},"end":{"line":68,"column":191}},"69":{"start":{"line":70,"column":0},"end":{"line":70,"column":39}},"70":{"start":{"line":71,"column":0},"end":{"line":71,"column":117}},"71":{"start":{"line":72,"column":0},"end":{"line":72,"column":31}},"73":{"start":{"line":74,"column":0},"end":{"line":74,"column":88}},"75":{"start":{"line":76,"column":0},"end":{"line":76,"column":160}},"82":{"start":{"line":83,"column":0},"end":{"line":83,"column":33}},"83":{"start":{"line":84,"column":0},"end":{"line":84,"column":54}},"84":{"start":{"line":85,"column":0},"end":{"line":85,"column":58}},"85":{"start":{"line":86,"column":0},"end":{"line":86,"column":108}},"87":{"start":{"line":88,"column":0},"end":{"line":88,"column":35}},"88":{"start":{"line":89,"column":0},"end":{"line":89,"column":38}},"89":{"start":{"line":90,"column":0},"end":{"line":90,"column":17}},"90":{"start":{"line":91,"column":0},"end":{"line":91,"column":30}},"91":{"start":{"line":92,"column":0},"end":{"line":92,"column":40}},"92":{"start":{"line":93,"column":0},"end":{"line":93,"column":192}},"94":{"start":{"line":95,"column":0},"end":{"line":95,"column":39}},"95":{"start":{"line":96,"column":0},"end":{"line":96,"column":118}},"96":{"start":{"line":97,"column":0},"end":{"line":97,"column":31}},"98":{"start":{"line":99,"column":0},"end":{"line":99,"column":88}},"100":{"start":{"line":101,"column":0},"end":{"line":101,"column":161}},"107":{"start":{"line":108,"column":0},"end":{"line":108,"column":38}},"108":{"start":{"line":109,"column":0},"end":{"line":109,"column":17}},"109":{"start":{"line":110,"column":0},"end":{"line":110,"column":56}},"110":{"start":{"line":111,"column":0},"end":{"line":111,"column":62}},"111":{"start":{"line":112,"column":0},"end":{"line":112,"column":106}},"113":{"start":{"line":114,"column":0},"end":{"line":114,"column":37}},"114":{"start":{"line":115,"column":0},"end":{"line":115,"column":45}},"115":{"start":{"line":116,"column":0},"end":{"line":116,"column":19}},"116":{"start":{"line":117,"column":0},"end":{"line":117,"column":32}},"117":{"start":{"line":118,"column":0},"end":{"line":118,"column":42}},"118":{"start":{"line":119,"column":0},"end":{"line":119,"column":194}},"120":{"start":{"line":121,"column":0},"end":{"line":121,"column":41}},"121":{"start":{"line":122,"column":0},"end":{"line":122,"column":120}},"122":{"start":{"line":123,"column":0},"end":{"line":123,"column":33}},"124":{"start":{"line":125,"column":0},"end":{"line":125,"column":90}},"126":{"start":{"line":127,"column":0},"end":{"line":127,"column":163}},"134":{"start":{"line":135,"column":0},"end":{"line":135,"column":1}}},"s":{"0":1,"5":1,"6":5,"7":5,"8":5,"9":5,"10":5,"11":5,"13":5,"14":5,"16":5,"17":5,"18":5,"20":5,"21":5,"23":5,"24":5,"25":5,"32":5,"33":5,"34":5,"35":5,"37":5,"38":5,"39":5,"40":5,"41":5,"42":5,"44":5,"45":5,"46":5,"48":5,"50":5,"57":5,"58":5,"59":5,"60":5,"62":5,"63":5,"64":5,"65":5,"66":5,"67":5,"69":5,"70":5,"71":5,"73":5,"75":5,"82":5,"83":5,"84":5,"85":5,"87":5,"88":5,"89":5,"90":5,"91":5,"92":5,"94":5,"95":5,"96":5,"98":5,"100":5,"107":5,"108":5,"109":5,"110":5,"111":5,"113":5,"114":5,"115":5,"116":5,"117":5,"118":5,"120":5,"121":5,"122":5,"124":5,"126":5,"134":5},"branchMap":{"0":{"type":"branch","line":6,"loc":{"start":{"line":6,"column":15},"end":{"line":135,"column":1}},"locations":[{"start":{"line":6,"column":15},"end":{"line":135,"column":1}}]},"1":{"type":"branch","line":15,"loc":{"start":{"line":15,"column":4},"end":{"line":15,"column":58}},"locations":[{"start":{"line":15,"column":4},"end":{"line":15,"column":58}}]},"2":{"type":"branch","line":15,"loc":{"start":{"line":15,"column":22},"end":{"line":15,"column":58}},"locations":[{"start":{"line":15,"column":22},"end":{"line":15,"column":58}}]},"3":{"type":"branch","line":17,"loc":{"start":{"line":17,"column":40},"end":{"line":17,"column":78}},"locations":[{"start":{"line":17,"column":40},"end":{"line":17,"column":78}}]},"4":{"type":"branch","line":18,"loc":{"start":{"line":18,"column":40},"end":{"line":18,"column":78}},"locations":[{"start":{"line":18,"column":40},"end":{"line":18,"column":78}}]},"5":{"type":"branch","line":19,"loc":{"start":{"line":19,"column":45},"end":{"line":19,"column":79}},"locations":[{"start":{"line":19,"column":45},"end":{"line":19,"column":79}}]}},"b":{"0":[5],"1":[140],"2":[135],"3":[140],"4":[140],"5":[140]},"fnMap":{"0":{"name":"DocsIndex","decl":{"start":{"line":6,"column":15},"end":{"line":135,"column":1}},"loc":{"start":{"line":6,"column":15},"end":{"line":135,"column":1}},"line":6}},"f":{"0":5}}
,"/Users/javi/repos/specrails-web/src/pages/DocsLayout.tsx": {"path":"/Users/javi/repos/specrails-web/src/pages/DocsLayout.tsx","all":false,"statementMap":{"0":{"start":{"line":1,"column":0},"end":{"line":1,"column":33}},"9":{"start":{"line":10,"column":0},"end":{"line":10,"column":51}},"10":{"start":{"line":11,"column":0},"end":{"line":11,"column":54}},"12":{"start":{"line":13,"column":0},"end":{"line":13,"column":10}},"13":{"start":{"line":14,"column":0},"end":{"line":14,"column":48}},"14":{"start":{"line":15,"column":0},"end":{"line":15,"column":16}},"15":{"start":{"line":16,"column":0},"end":{"line":16,"column":34}},"17":{"start":{"line":18,"column":0},"end":{"line":18,"column":150}},"18":{"start":{"line":19,"column":0},"end":{"line":19,"column":25}},"22":{"start":{"line":23,"column":0},"end":{"line":23,"column":62}},"23":{"start":{"line":24,"column":0},"end":{"line":24,"column":63}},"24":{"start":{"line":25,"column":0},"end":{"line":25,"column":67}},"29":{"start":{"line":30,"column":0},"end":{"line":30,"column":50}},"30":{"start":{"line":31,"column":0},"end":{"line":31,"column":97}},"31":{"start":{"line":32,"column":0},"end":{"line":32,"column":19}},"32":{"start":{"line":33,"column":0},"end":{"line":33,"column":29}},"33":{"start":{"line":34,"column":0},"end":{"line":34,"column":25}},"34":{"start":{"line":35,"column":0},"end":{"line":35,"column":49}},"36":{"start":{"line":37,"column":0},"end":{"line":37,"column":42}},"38":{"start":{"line":39,"column":0},"end":{"line":39,"column":81}},"40":{"start":{"line":41,"column":0},"end":{"line":41,"column":20}},"43":{"start":{"line":44,"column":0},"end":{"line":44,"column":73}},"46":{"start":{"line":47,"column":0},"end":{"line":47,"column":1}}},"s":{"0":1,"9":1,"10":5,"12":5,"13":5,"14":5,"15":5,"17":5,"18":5,"22":5,"23":5,"24":5,"29":5,"30":5,"31":5,"32":5,"33":5,"34":5,"36":5,"38":5,"40":5,"43":5,"46":5},"branchMap":{"0":{"type":"branch","line":10,"loc":{"start":{"line":10,"column":15},"end":{"line":47,"column":1}},"locations":[{"start":{"line":10,"column":15},"end":{"line":47,"column":1}}]}},"b":{"0":[5]},"fnMap":{"0":{"name":"DocsLayout","decl":{"start":{"line":10,"column":15},"end":{"line":47,"column":1}},"loc":{"start":{"line":10,"column":15},"end":{"line":47,"column":1}},"line":10},"1":{"name":"onNavigate","decl":{"start":{"line":25,"column":37},"end":{"line":25,"column":67}},"loc":{"start":{"line":25,"column":37},"end":{"line":25,"column":67}},"line":25},"2":{"name":"onClick","decl":{"start":{"line":35,"column":23},"end":{"line":35,"column":49}},"loc":{"start":{"line":35,"column":23},"end":{"line":35,"column":49}},"line":35}},"f":{"0":5,"1":0,"2":0}}
,"/Users/javi/repos/specrails-web/src/pages/Index.tsx": {"path":"/Users/javi/repos/specrails-web/src/pages/Index.tsx","all":false,"statementMap":{"0":{"start":{"line":1,"column":0},"end":{"line":1,"column":34}},"1":{"start":{"line":2,"column":0},"end":{"line":2,"column":47}},"2":{"start":{"line":3,"column":0},"end":{"line":3,"column":40}},"3":{"start":{"line":4,"column":0},"end":{"line":4,"column":41}},"4":{"start":{"line":5,"column":0},"end":{"line":5,"column":51}},"5":{"start":{"line":6,"column":0},"end":{"line":6,"column":57}},"6":{"start":{"line":7,"column":0},"end":{"line":7,"column":61}},"7":{"start":{"line":8,"column":0},"end":{"line":8,"column":65}},"8":{"start":{"line":9,"column":0},"end":{"line":9,"column":55}},"9":{"start":{"line":10,"column":0},"end":{"line":10,"column":59}},"10":{"start":{"line":11,"column":0},"end":{"line":11,"column":49}},"11":{"start":{"line":12,"column":0},"end":{"line":12,"column":59}},"12":{"start":{"line":13,"column":0},"end":{"line":13,"column":75}},"13":{"start":{"line":14,"column":0},"end":{"line":14,"column":57}},"14":{"start":{"line":15,"column":0},"end":{"line":15,"column":59}},"15":{"start":{"line":16,"column":0},"end":{"line":16,"column":63}},"16":{"start":{"line":17,"column":0},"end":{"line":17,"column":57}},"17":{"start":{"line":18,"column":0},"end":{"line":18,"column":55}},"18":{"start":{"line":19,"column":0},"end":{"line":19,"column":49}},"19":{"start":{"line":20,"column":0},"end":{"line":20,"column":53}},"21":{"start":{"line":22,"column":0},"end":{"line":22,"column":21}},"22":{"start":{"line":23,"column":0},"end":{"line":23,"column":33}},"24":{"start":{"line":25,"column":0},"end":{"line":25,"column":10}},"25":{"start":{"line":26,"column":0},"end":{"line":26,"column":94}},"26":{"start":{"line":27,"column":0},"end":{"line":27,"column":16}},"27":{"start":{"line":28,"column":0},"end":{"line":28,"column":219}},"28":{"start":{"line":29,"column":0},"end":{"line":29,"column":40}},"29":{"start":{"line":30,"column":0},"end":{"line":30,"column":5}},"31":{"start":{"line":32,"column":0},"end":{"line":32,"column":19}},"32":{"start":{"line":33,"column":0},"end":{"line":33,"column":76}},"33":{"start":{"line":34,"column":0},"end":{"line":34,"column":49}},"34":{"start":{"line":35,"column":0},"end":{"line":35,"column":46}},"35":{"start":{"line":36,"column":0},"end":{"line":36,"column":15}},"36":{"start":{"line":37,"column":0},"end":{"line":37,"column":50}},"37":{"start":{"line":38,"column":0},"end":{"line":38,"column":7}},"38":{"start":{"line":39,"column":0},"end":{"line":39,"column":5}},"39":{"start":{"line":40,"column":0},"end":{"line":40,"column":13}},"41":{"start":{"line":42,"column":0},"end":{"line":42,"column":10}},"42":{"start":{"line":43,"column":0},"end":{"line":43,"column":48}},"43":{"start":{"line":44,"column":0},"end":{"line":44,"column":16}},"44":{"start":{"line":45,"column":0},"end":{"line":45,"column":21}},"45":{"start":{"line":46,"column":0},"end":{"line":46,"column":24}},"46":{"start":{"line":47,"column":0},"end":{"line":47,"column":26}},"47":{"start":{"line":48,"column":0},"end":{"line":48,"column":28}},"48":{"start":{"line":49,"column":0},"end":{"line":49,"column":23}},"49":{"start":{"line":50,"column":0},"end":{"line":50,"column":25}},"50":{"start":{"line":51,"column":0},"end":{"line":51,"column":20}},"51":{"start":{"line":52,"column":0},"end":{"line":52,"column":25}},"52":{"start":{"line":53,"column":0},"end":{"line":53,"column":33}},"53":{"start":{"line":54,"column":0},"end":{"line":54,"column":24}},"54":{"start":{"line":55,"column":0},"end":{"line":55,"column":25}},"55":{"start":{"line":56,"column":0},"end":{"line":56,"column":27}},"56":{"start":{"line":57,"column":0},"end":{"line":57,"column":24}},"57":{"start":{"line":58,"column":0},"end":{"line":58,"column":23}},"58":{"start":{"line":59,"column":0},"end":{"line":59,"column":182}},"59":{"start":{"line":60,"column":0},"end":{"line":60,"column":22}},"62":{"start":{"line":63,"column":0},"end":{"line":63,"column":2}},"64":{"start":{"line":65,"column":0},"end":{"line":65,"column":21}}},"s":{"0":1,"1":1,"2":1,"3":1,"4":1,"5":1,"6":1,"7":1,"8":1,"9":1,"10":1,"11":1,"12":1,"13":1,"14":1,"15":1,"16":1,"17":1,"18":1,"19":1,"21":1,"22":4,"24":4,"25":4,"26":4,"27":4,"28":4,"29":4,"31":4,"32":4,"33":4,"34":0,"35":0,"36":0,"37":0,"38":0,"39":4,"41":4,"42":4,"43":4,"44":4,"45":4,"46":4,"47":4,"48":4,"49":4,"50":4,"51":4,"52":4,"53":4,"54":4,"55":4,"56":4,"57":4,"58":4,"59":4,"62":4,"64":1},"branchMap":{"0":{"type":"branch","line":22,"loc":{"start":{"line":22,"column":14},"end":{"line":63,"column":2}},"locations":[{"start":{"line":22,"column":14},"end":{"line":63,"column":2}}]},"1":{"type":"branch","line":32,"loc":{"start":{"line":32,"column":12},"end":{"line":40,"column":5}},"locations":[{"start":{"line":32,"column":12},"end":{"line":40,"column":5}}]},"2":{"type":"branch","line":34,"loc":{"start":{"line":34,"column":8},"end":{"line":34,"column":48}},"locations":[{"start":{"line":34,"column":8},"end":{"line":34,"column":48}}]},"3":{"type":"branch","line":34,"loc":{"start":{"line":34,"column":48},"end":{"line":39,"column":5}},"locations":[{"start":{"line":34,"column":48},"end":{"line":39,"column":5}}]}},"b":{"0":[4],"1":[4],"2":[0],"3":[0]},"fnMap":{"0":{"name":"Index","decl":{"start":{"line":22,"column":14},"end":{"line":63,"column":2}},"loc":{"start":{"line":22,"column":14},"end":{"line":63,"column":2}},"line":22}},"f":{"0":4}}
,"/Users/javi/repos/specrails-web/src/pages/NotFound.tsx": {"path":"/Users/javi/repos/specrails-web/src/pages/NotFound.tsx","all":false,"statementMap":{"0":{"start":{"line":1,"column":0},"end":{"line":1,"column":47}},"1":{"start":{"line":2,"column":0},"end":{"line":2,"column":34}},"3":{"start":{"line":4,"column":0},"end":{"line":4,"column":24}},"4":{"start":{"line":5,"column":0},"end":{"line":5,"column":33}},"6":{"start":{"line":7,"column":0},"end":{"line":7,"column":19}},"7":{"start":{"line":8,"column":0},"end":{"line":8,"column":96}},"8":{"start":{"line":9,"column":0},"end":{"line":9,"column":26}},"10":{"start":{"line":11,"column":0},"end":{"line":11,"column":10}},"11":{"start":{"line":12,"column":0},"end":{"line":12,"column":76}},"12":{"start":{"line":13,"column":0},"end":{"line":13,"column":35}},"13":{"start":{"line":14,"column":0},"end":{"line":14,"column":56}},"14":{"start":{"line":15,"column":0},"end":{"line":15,"column":82}},"15":{"start":{"line":16,"column":0},"end":{"line":16,"column":77}},"21":{"start":{"line":22,"column":0},"end":{"line":22,"column":2}},"23":{"start":{"line":24,"column":0},"end":{"line":24,"column":24}}},"s":{"0":1,"1":1,"3":1,"4":4,"6":4,"7":4,"8":4,"10":4,"11":4,"12":4,"13":4,"14":4,"15":4,"21":4,"23":1},"branchMap":{"0":{"type":"branch","line":4,"loc":{"start":{"line":4,"column":17},"end":{"line":22,"column":2}},"locations":[{"start":{"line":4,"column":17},"end":{"line":22,"column":2}}]},"1":{"type":"branch","line":7,"loc":{"start":{"line":7,"column":12},"end":{"line":9,"column":5}},"locations":[{"start":{"line":7,"column":12},"end":{"line":9,"column":5}}]}},"b":{"0":[4],"1":[4]},"fnMap":{"0":{"name":"NotFound","decl":{"start":{"line":4,"column":17},"end":{"line":22,"column":2}},"loc":{"start":{"line":4,"column":17},"end":{"line":22,"column":2}},"line":4}},"f":{"0":4}}
}
